[ 2015-12-05T00:18:59+08:00 ] ::1 /HSWS_FRAME/index.php
INFO: [ app_init ] --START--
INFO: Run Behavior\BuildLiteBehavior [ RunTime:0.000037s ]
INFO: [ app_init ] --END-- [ RunTime:0.355200s ]
INFO: [ app_begin ] --START--
INFO: Run Behavior\ReadHtmlCacheBehavior [ RunTime:0.073085s ]
INFO: [ app_begin ] --END-- [ RunTime:0.073247s ]
INFO: [ view_parse ] --START--
INFO: [ template_filter ] --START--
INFO: Run Behavior\ContentReplaceBehavior [ RunTime:0.033307s ]
INFO: [ template_filter ] --END-- [ RunTime:0.033482s ]
INFO: Run Behavior\ParseTemplateBehavior [ RunTime:0.241076s ]
INFO: [ view_parse ] --END-- [ RunTime:0.241330s ]
INFO: [ view_filter ] --START--
INFO: Run Behavior\WriteHtmlCacheBehavior [ RunTime:0.033399s ]
INFO: [ view_filter ] --END-- [ RunTime:0.033512s ]

[ 2015-12-05T00:19:04+08:00 ] ::1 /HSWS_FRAME/index.php
INFO: [ app_init ] --START--
INFO: Run Behavior\BuildLiteBehavior [ RunTime:0.000026s ]
INFO: [ app_init ] --END-- [ RunTime:0.000543s ]
INFO: [ app_begin ] --START--
INFO: Run Behavior\ReadHtmlCacheBehavior [ RunTime:0.000569s ]
INFO: [ app_begin ] --END-- [ RunTime:0.000665s ]
INFO: [ view_parse ] --START--
INFO: [ template_filter ] --START--
INFO: Run Behavior\ContentReplaceBehavior [ RunTime:0.000094s ]
INFO: [ template_filter ] --END-- [ RunTime:0.000228s ]
INFO: Run Behavior\ParseTemplateBehavior [ RunTime:0.011368s ]
INFO: [ view_parse ] --END-- [ RunTime:0.011506s ]
INFO: [ view_filter ] --START--
INFO: Run Behavior\WriteHtmlCacheBehavior [ RunTime:0.000316s ]
INFO: [ view_filter ] --END-- [ RunTime:0.000447s ]

[ 2015-12-05T00:19:04+08:00 ] ::1 /HSWS_FRAME/index.php/Home/Login/login.html
INFO: [ app_init ] --START--
INFO: Run Behavior\BuildLiteBehavior [ RunTime:0.000040s ]
INFO: [ app_init ] --END-- [ RunTime:0.000891s ]
INFO: [ app_begin ] --START--
INFO: Run Behavior\ReadHtmlCacheBehavior [ RunTime:0.000628s ]
INFO: [ app_begin ] --END-- [ RunTime:0.000721s ]
INFO: [ view_parse ] --START--
INFO: [ template_filter ] --START--
INFO: Run Behavior\ContentReplaceBehavior [ RunTime:0.000110s ]
INFO: [ template_filter ] --END-- [ RunTime:0.000209s ]
INFO: Run Behavior\ParseTemplateBehavior [ RunTime:0.098891s ]
INFO: [ view_parse ] --END-- [ RunTime:0.099029s ]
INFO: [ view_filter ] --START--
INFO: Run Behavior\WriteHtmlCacheBehavior [ RunTime:0.000234s ]
INFO: [ view_filter ] --END-- [ RunTime:0.000308s ]
INFO: [ app_end ] --START--
INFO: Run Behavior\ShowPageTraceBehavior [ RunTime:0.053328s ]
INFO: [ app_end ] --END-- [ RunTime:0.053443s ]

[ 2015-12-05T00:19:09+08:00 ] ::1 /HSWS_FRAME/index.php/Home/Login/login.html
INFO: [ app_init ] --START--
INFO: Run Behavior\BuildLiteBehavior [ RunTime:0.000027s ]
INFO: [ app_init ] --END-- [ RunTime:0.000571s ]
INFO: [ app_begin ] --START--
INFO: Run Behavior\ReadHtmlCacheBehavior [ RunTime:0.000590s ]
INFO: [ app_begin ] --END-- [ RunTime:0.000672s ]
INFO: [ view_parse ] --START--
INFO: [ template_filter ] --START--
INFO: Run Behavior\ContentReplaceBehavior [ RunTime:0.000096s ]
INFO: [ template_filter ] --END-- [ RunTime:0.000187s ]
INFO: Run Behavior\ParseTemplateBehavior [ RunTime:0.008384s ]
INFO: [ view_parse ] --END-- [ RunTime:0.008453s ]
INFO: [ view_filter ] --START--
INFO: Run Behavior\WriteHtmlCacheBehavior [ RunTime:0.000154s ]
INFO: [ view_filter ] --END-- [ RunTime:0.000209s ]
INFO: [ app_end ] --START--
INFO: Run Behavior\ShowPageTraceBehavior [ RunTime:0.000909s ]
INFO: [ app_end ] --END-- [ RunTime:0.000989s ]

[ 2015-12-05T00:19:11+08:00 ] ::1 /HSWS_FRAME/index.php/Home/Login/login.html
INFO: [ app_init ] --START--
INFO: Run Behavior\BuildLiteBehavior [ RunTime:0.000027s ]
INFO: [ app_init ] --END-- [ RunTime:0.000618s ]
INFO: [ app_begin ] --START--
INFO: Run Behavior\ReadHtmlCacheBehavior [ RunTime:0.000610s ]
INFO: [ app_begin ] --END-- [ RunTime:0.000691s ]
INFO: [ view_parse ] --START--
INFO: [ template_filter ] --START--
INFO: Run Behavior\ContentReplaceBehavior [ RunTime:0.000106s ]
INFO: [ template_filter ] --END-- [ RunTime:0.000209s ]
INFO: Run Behavior\ParseTemplateBehavior [ RunTime:0.009366s ]
INFO: [ view_parse ] --END-- [ RunTime:0.009484s ]
INFO: [ view_filter ] --START--
INFO: Run Behavior\WriteHtmlCacheBehavior [ RunTime:0.000240s ]
INFO: [ view_filter ] --END-- [ RunTime:0.000319s ]
INFO: [ app_end ] --START--
INFO: Run Behavior\ShowPageTraceBehavior [ RunTime:0.000660s ]
INFO: [ app_end ] --END-- [ RunTime:0.000745s ]

[ 2015-12-05T00:19:13+08:00 ] ::1 /HSWS_FRAME/index.php/Home/Login/login.html
INFO: [ app_init ] --START--
INFO: Run Behavior\BuildLiteBehavior [ RunTime:0.000022s ]
INFO: [ app_init ] --END-- [ RunTime:0.000475s ]
INFO: [ app_begin ] --START--
INFO: Run Behavior\ReadHtmlCacheBehavior [ RunTime:0.000607s ]
INFO: [ app_begin ] --END-- [ RunTime:0.000688s ]
INFO: [ view_parse ] --START--
INFO: [ template_filter ] --START--
INFO: Run Behavior\ContentReplaceBehavior [ RunTime:0.000067s ]
INFO: [ template_filter ] --END-- [ RunTime:0.000161s ]
INFO: Run Behavior\ParseTemplateBehavior [ RunTime:0.008604s ]
INFO: [ view_parse ] --END-- [ RunTime:0.008678s ]
INFO: [ view_filter ] --START--
INFO: Run Behavior\WriteHtmlCacheBehavior [ RunTime:0.000181s ]
INFO: [ view_filter ] --END-- [ RunTime:0.000240s ]
INFO: [ app_end ] --START--
INFO: Run Behavior\ShowPageTraceBehavior [ RunTime:0.000579s ]
INFO: [ app_end ] --END-- [ RunTime:0.000644s ]

[ 2015-12-05T00:19:15+08:00 ] ::1 /HSWS_FRAME/index.php/Home/Login/login.html
INFO: [ app_init ] --START--
INFO: Run Behavior\BuildLiteBehavior [ RunTime:0.000036s ]
INFO: [ app_init ] --END-- [ RunTime:0.002111s ]
INFO: [ app_begin ] --START--
INFO: Run Behavior\ReadHtmlCacheBehavior [ RunTime:0.000901s ]
INFO: [ app_begin ] --END-- [ RunTime:0.001039s ]
INFO: [ view_parse ] --START--
INFO: [ template_filter ] --START--
INFO: Run Behavior\ContentReplaceBehavior [ RunTime:0.000094s ]
INFO: [ template_filter ] --END-- [ RunTime:0.000238s ]
INFO: Run Behavior\ParseTemplateBehavior [ RunTime:0.014026s ]
INFO: [ view_parse ] --END-- [ RunTime:0.014154s ]
INFO: [ view_filter ] --START--
INFO: Run Behavior\WriteHtmlCacheBehavior [ RunTime:0.000295s ]
INFO: [ view_filter ] --END-- [ RunTime:0.000394s ]
INFO: [ app_end ] --START--
INFO: Run Behavior\ShowPageTraceBehavior [ RunTime:0.000901s ]
INFO: [ app_end ] --END-- [ RunTime:0.001021s ]

[ 2015-12-05T00:19:17+08:00 ] ::1 /HSWS_FRAME/index.php/Home/Login/login.html
INFO: [ app_init ] --START--
INFO: Run Behavior\BuildLiteBehavior [ RunTime:0.000034s ]
INFO: [ app_init ] --END-- [ RunTime:0.001148s ]
INFO: [ app_begin ] --START--
INFO: Run Behavior\ReadHtmlCacheBehavior [ RunTime:0.001023s ]
INFO: [ app_begin ] --END-- [ RunTime:0.001198s ]
INFO: [ view_parse ] --START--
INFO: [ template_filter ] --START--
INFO: Run Behavior\ContentReplaceBehavior [ RunTime:0.002948s ]
INFO: [ template_filter ] --END-- [ RunTime:0.003108s ]
INFO: Run Behavior\ParseTemplateBehavior [ RunTime:0.031564s ]
INFO: [ view_parse ] --END-- [ RunTime:0.031699s ]
INFO: [ view_filter ] --START--
INFO: Run Behavior\WriteHtmlCacheBehavior [ RunTime:0.000316s ]
INFO: [ view_filter ] --END-- [ RunTime:0.000411s ]
INFO: [ app_end ] --START--
INFO: Run Behavior\ShowPageTraceBehavior [ RunTime:0.000870s ]
INFO: [ app_end ] --END-- [ RunTime:0.000984s ]

[ 2015-12-05T00:19:19+08:00 ] ::1 /HSWS_FRAME/index.php/Home/Login/login.html
INFO: [ app_init ] --START--
INFO: Run Behavior\BuildLiteBehavior [ RunTime:0.000017s ]
INFO: [ app_init ] --END-- [ RunTime:0.000380s ]
INFO: [ app_begin ] --START--
INFO: Run Behavior\ReadHtmlCacheBehavior [ RunTime:0.000567s ]
INFO: [ app_begin ] --END-- [ RunTime:0.000644s ]
INFO: [ view_parse ] --START--
INFO: [ template_filter ] --START--
INFO: Run Behavior\ContentReplaceBehavior [ RunTime:0.000064s ]
INFO: [ template_filter ] --END-- [ RunTime:0.000152s ]
INFO: Run Behavior\ParseTemplateBehavior [ RunTime:0.009082s ]
INFO: [ view_parse ] --END-- [ RunTime:0.009158s ]
INFO: [ view_filter ] --START--
INFO: Run Behavior\WriteHtmlCacheBehavior [ RunTime:0.000166s ]
INFO: [ view_filter ] --END-- [ RunTime:0.000222s ]
INFO: [ app_end ] --START--
INFO: Run Behavior\ShowPageTraceBehavior [ RunTime:0.000538s ]
INFO: [ app_end ] --END-- [ RunTime:0.000597s ]

[ 2015-12-05T00:19:21+08:00 ] ::1 /HSWS_FRAME/index.php/Home/Login/login.html
INFO: [ app_init ] --START--
INFO: Run Behavior\BuildLiteBehavior [ RunTime:0.000018s ]
INFO: [ app_init ] --END-- [ RunTime:0.000406s ]
INFO: [ app_begin ] --START--
INFO: Run Behavior\ReadHtmlCacheBehavior [ RunTime:0.000498s ]
INFO: [ app_begin ] --END-- [ RunTime:0.000565s ]
INFO: [ view_parse ] --START--
INFO: [ template_filter ] --START--
INFO: Run Behavior\ContentReplaceBehavior [ RunTime:0.000060s ]
INFO: [ template_filter ] --END-- [ RunTime:0.000139s ]
INFO: Run Behavior\ParseTemplateBehavior [ RunTime:0.007874s ]
INFO: [ view_parse ] --END-- [ RunTime:0.007937s ]
INFO: [ view_filter ] --START--
INFO: Run Behavior\WriteHtmlCacheBehavior [ RunTime:0.000152s ]
INFO: [ view_filter ] --END-- [ RunTime:0.000209s ]
INFO: [ app_end ] --START--
INFO: Run Behavior\ShowPageTraceBehavior [ RunTime:0.000535s ]
INFO: [ app_end ] --END-- [ RunTime:0.000594s ]

[ 2015-12-05T00:19:23+08:00 ] ::1 /HSWS_FRAME/index.php/Home/Login/login.html
INFO: [ app_init ] --START--
INFO: Run Behavior\BuildLiteBehavior [ RunTime:0.000020s ]
INFO: [ app_init ] --END-- [ RunTime:0.000522s ]
INFO: [ app_begin ] --START--
INFO: Run Behavior\ReadHtmlCacheBehavior [ RunTime:0.000623s ]
INFO: [ app_begin ] --END-- [ RunTime:0.000716s ]
INFO: [ view_parse ] --START--
INFO: [ template_filter ] --START--
INFO: Run Behavior\ContentReplaceBehavior [ RunTime:0.000096s ]
INFO: [ template_filter ] --END-- [ RunTime:0.000199s ]
INFO: Run Behavior\ParseTemplateBehavior [ RunTime:0.011588s ]
INFO: [ view_parse ] --END-- [ RunTime:0.011686s ]
INFO: [ view_filter ] --START--
INFO: Run Behavior\WriteHtmlCacheBehavior [ RunTime:0.000210s ]
INFO: [ view_filter ] --END-- [ RunTime:0.000273s ]
INFO: [ app_end ] --START--
INFO: Run Behavior\ShowPageTraceBehavior [ RunTime:0.000633s ]
INFO: [ app_end ] --END-- [ RunTime:0.000701s ]

[ 2015-12-05T00:19:26+08:00 ] ::1 /HSWS_FRAME/index.php/Home/Login/login.html
INFO: [ app_init ] --START--
INFO: Run Behavior\BuildLiteBehavior [ RunTime:0.000019s ]
INFO: [ app_init ] --END-- [ RunTime:0.000385s ]
INFO: [ app_begin ] --START--
INFO: Run Behavior\ReadHtmlCacheBehavior [ RunTime:0.000485s ]
INFO: [ app_begin ] --END-- [ RunTime:0.000550s ]
INFO: [ view_parse ] --START--
INFO: [ template_filter ] --START--
INFO: Run Behavior\ContentReplaceBehavior [ RunTime:0.000059s ]
INFO: [ template_filter ] --END-- [ RunTime:0.000135s ]
INFO: Run Behavior\ParseTemplateBehavior [ RunTime:0.007395s ]
INFO: [ view_parse ] --END-- [ RunTime:0.007480s ]
INFO: [ view_filter ] --START--
INFO: Run Behavior\WriteHtmlCacheBehavior [ RunTime:0.000189s ]
INFO: [ view_filter ] --END-- [ RunTime:0.000248s ]
INFO: [ app_end ] --START--
INFO: Run Behavior\ShowPageTraceBehavior [ RunTime:0.000544s ]
INFO: [ app_end ] --END-- [ RunTime:0.000605s ]

[ 2015-12-05T00:19:28+08:00 ] ::1 /HSWS_FRAME/index.php/Home/Login/login.html
INFO: [ app_init ] --START--
INFO: Run Behavior\BuildLiteBehavior [ RunTime:0.000024s ]
INFO: [ app_init ] --END-- [ RunTime:0.000484s ]
INFO: [ app_begin ] --START--
INFO: Run Behavior\ReadHtmlCacheBehavior [ RunTime:0.000799s ]
INFO: [ app_begin ] --END-- [ RunTime:0.000901s ]
INFO: [ view_parse ] --START--
INFO: [ template_filter ] --START--
INFO: Run Behavior\ContentReplaceBehavior [ RunTime:0.000071s ]
INFO: [ template_filter ] --END-- [ RunTime:0.000173s ]
INFO: Run Behavior\ParseTemplateBehavior [ RunTime:0.009015s ]
INFO: [ view_parse ] --END-- [ RunTime:0.009098s ]
INFO: [ view_filter ] --START--
INFO: Run Behavior\WriteHtmlCacheBehavior [ RunTime:0.000211s ]
INFO: [ view_filter ] --END-- [ RunTime:0.000277s ]
INFO: [ app_end ] --START--
INFO: Run Behavior\ShowPageTraceBehavior [ RunTime:0.000639s ]
INFO: [ app_end ] --END-- [ RunTime:0.000721s ]

[ 2015-12-05T00:19:31+08:00 ] ::1 /HSWS_FRAME/index.php/Home/Login/login.html
INFO: [ app_init ] --START--
INFO: Run Behavior\BuildLiteBehavior [ RunTime:0.000022s ]
INFO: [ app_init ] --END-- [ RunTime:0.000455s ]
INFO: [ app_begin ] --START--
INFO: Run Behavior\ReadHtmlCacheBehavior [ RunTime:0.000594s ]
INFO: [ app_begin ] --END-- [ RunTime:0.000688s ]
INFO: [ view_parse ] --START--
INFO: [ template_filter ] --START--
INFO: Run Behavior\ContentReplaceBehavior [ RunTime:0.000060s ]
INFO: [ template_filter ] --END-- [ RunTime:0.000133s ]
INFO: Run Behavior\ParseTemplateBehavior [ RunTime:0.007340s ]
INFO: [ view_parse ] --END-- [ RunTime:0.007406s ]
INFO: [ view_filter ] --START--
INFO: Run Behavior\WriteHtmlCacheBehavior [ RunTime:0.000151s ]
INFO: [ view_filter ] --END-- [ RunTime:0.000208s ]
INFO: [ app_end ] --START--
INFO: Run Behavior\ShowPageTraceBehavior [ RunTime:0.000528s ]
INFO: [ app_end ] --END-- [ RunTime:0.000588s ]

[ 2015-12-05T00:19:33+08:00 ] ::1 /HSWS_FRAME/index.php/Home/Login/login.html
INFO: [ app_init ] --START--
INFO: Run Behavior\BuildLiteBehavior [ RunTime:0.000022s ]
INFO: [ app_init ] --END-- [ RunTime:0.000454s ]
INFO: [ app_begin ] --START--
INFO: Run Behavior\ReadHtmlCacheBehavior [ RunTime:0.000550s ]
INFO: [ app_begin ] --END-- [ RunTime:0.000626s ]
INFO: [ view_parse ] --START--
INFO: [ template_filter ] --START--
INFO: Run Behavior\ContentReplaceBehavior [ RunTime:0.000069s ]
INFO: [ template_filter ] --END-- [ RunTime:0.000163s ]
INFO: Run Behavior\ParseTemplateBehavior [ RunTime:0.008527s ]
INFO: [ view_parse ] --END-- [ RunTime:0.008599s ]
INFO: [ view_filter ] --START--
INFO: Run Behavior\WriteHtmlCacheBehavior [ RunTime:0.000185s ]
INFO: [ view_filter ] --END-- [ RunTime:0.000249s ]
INFO: [ app_end ] --START--
INFO: Run Behavior\ShowPageTraceBehavior [ RunTime:0.000674s ]
INFO: [ app_end ] --END-- [ RunTime:0.000776s ]

[ 2015-12-05T00:19:35+08:00 ] ::1 /HSWS_FRAME/index.php/Home/Login/login.html
INFO: [ app_init ] --START--
INFO: Run Behavior\BuildLiteBehavior [ RunTime:0.000018s ]
INFO: [ app_init ] --END-- [ RunTime:0.000402s ]
INFO: [ app_begin ] --START--
INFO: Run Behavior\ReadHtmlCacheBehavior [ RunTime:0.000730s ]
INFO: [ app_begin ] --END-- [ RunTime:0.000829s ]
INFO: [ view_parse ] --START--
INFO: [ template_filter ] --START--
INFO: Run Behavior\ContentReplaceBehavior [ RunTime:0.000069s ]
INFO: [ template_filter ] --END-- [ RunTime:0.000182s ]
INFO: Run Behavior\ParseTemplateBehavior [ RunTime:0.009328s ]
INFO: [ view_parse ] --END-- [ RunTime:0.009420s ]
INFO: [ view_filter ] --START--
INFO: Run Behavior\WriteHtmlCacheBehavior [ RunTime:0.000213s ]
INFO: [ view_filter ] --END-- [ RunTime:0.000273s ]
INFO: [ app_end ] --START--
INFO: Run Behavior\ShowPageTraceBehavior [ RunTime:0.000594s ]
INFO: [ app_end ] --END-- [ RunTime:0.000662s ]

[ 2015-12-05T00:19:37+08:00 ] ::1 /HSWS_FRAME/index.php/Home/Login/login.html
INFO: [ app_init ] --START--
INFO: Run Behavior\BuildLiteBehavior [ RunTime:0.000021s ]
INFO: [ app_init ] --END-- [ RunTime:0.000464s ]
INFO: [ app_begin ] --START--
INFO: Run Behavior\ReadHtmlCacheBehavior [ RunTime:0.000579s ]
INFO: [ app_begin ] --END-- [ RunTime:0.000659s ]
INFO: [ view_parse ] --START--
INFO: [ template_filter ] --START--
INFO: Run Behavior\ContentReplaceBehavior [ RunTime:0.000059s ]
INFO: [ template_filter ] --END-- [ RunTime:0.000131s ]
INFO: Run Behavior\ParseTemplateBehavior [ RunTime:0.007421s ]
INFO: [ view_parse ] --END-- [ RunTime:0.007506s ]
INFO: [ view_filter ] --START--
INFO: Run Behavior\WriteHtmlCacheBehavior [ RunTime:0.000233s ]
INFO: [ view_filter ] --END-- [ RunTime:0.000314s ]
INFO: [ app_end ] --START--
INFO: Run Behavior\ShowPageTraceBehavior [ RunTime:0.000757s ]
INFO: [ app_end ] --END-- [ RunTime:0.000845s ]

[ 2015-12-05T00:19:39+08:00 ] ::1 /HSWS_FRAME/index.php/Home/Login/login.html
INFO: [ app_init ] --START--
INFO: Run Behavior\BuildLiteBehavior [ RunTime:0.000019s ]
INFO: [ app_init ] --END-- [ RunTime:0.000415s ]
INFO: [ app_begin ] --START--
INFO: Run Behavior\ReadHtmlCacheBehavior [ RunTime:0.000530s ]
INFO: [ app_begin ] --END-- [ RunTime:0.000599s ]
INFO: [ view_parse ] --START--
INFO: [ template_filter ] --START--
INFO: Run Behavior\ContentReplaceBehavior [ RunTime:0.000058s ]
INFO: [ template_filter ] --END-- [ RunTime:0.000130s ]
INFO: Run Behavior\ParseTemplateBehavior [ RunTime:0.007145s ]
INFO: [ view_parse ] --END-- [ RunTime:0.007208s ]
INFO: [ view_filter ] --START--
INFO: Run Behavior\WriteHtmlCacheBehavior [ RunTime:0.000147s ]
INFO: [ view_filter ] --END-- [ RunTime:0.000203s ]
INFO: [ app_end ] --START--
INFO: Run Behavior\ShowPageTraceBehavior [ RunTime:0.000523s ]
INFO: [ app_end ] --END-- [ RunTime:0.000584s ]

[ 2015-12-05T00:19:42+08:00 ] ::1 /HSWS_FRAME/index.php/Home/Login/login.html
INFO: [ app_init ] --START--
INFO: Run Behavior\BuildLiteBehavior [ RunTime:0.000017s ]
INFO: [ app_init ] --END-- [ RunTime:0.000381s ]
INFO: [ app_begin ] --START--
INFO: Run Behavior\ReadHtmlCacheBehavior [ RunTime:0.000490s ]
INFO: [ app_begin ] --END-- [ RunTime:0.000555s ]
INFO: [ view_parse ] --START--
INFO: [ template_filter ] --START--
INFO: Run Behavior\ContentReplaceBehavior [ RunTime:0.000057s ]
INFO: [ template_filter ] --END-- [ RunTime:0.000127s ]
INFO: Run Behavior\ParseTemplateBehavior [ RunTime:0.007182s ]
INFO: [ view_parse ] --END-- [ RunTime:0.007245s ]
INFO: [ view_filter ] --START--
INFO: Run Behavior\WriteHtmlCacheBehavior [ RunTime:0.000149s ]
INFO: [ view_filter ] --END-- [ RunTime:0.000205s ]
INFO: [ app_end ] --START--
INFO: Run Behavior\ShowPageTraceBehavior [ RunTime:0.000542s ]
INFO: [ app_end ] --END-- [ RunTime:0.000612s ]

[ 2015-12-05T00:19:42+08:00 ] ::1 /HSWS_FRAME/index.php
INFO: [ app_init ] --START--
INFO: Run Behavior\BuildLiteBehavior [ RunTime:0.000029s ]
INFO: [ app_init ] --END-- [ RunTime:0.000605s ]
INFO: [ app_begin ] --START--
INFO: Run Behavior\ReadHtmlCacheBehavior [ RunTime:0.000680s ]
INFO: [ app_begin ] --END-- [ RunTime:0.000772s ]
INFO: [ view_parse ] --START--
INFO: [ template_filter ] --START--
INFO: Run Behavior\ContentReplaceBehavior [ RunTime:0.000098s ]
INFO: [ template_filter ] --END-- [ RunTime:0.000200s ]
INFO: Run Behavior\ParseTemplateBehavior [ RunTime:0.024046s ]
INFO: [ view_parse ] --END-- [ RunTime:0.024158s ]
INFO: [ view_filter ] --START--
INFO: Run Behavior\WriteHtmlCacheBehavior [ RunTime:0.000202s ]
INFO: [ view_filter ] --END-- [ RunTime:0.000265s ]

[ 2015-12-05T00:19:44+08:00 ] ::1 /HSWS_FRAME/index.php
INFO: [ app_init ] --START--
INFO: Run Behavior\BuildLiteBehavior [ RunTime:0.000017s ]
INFO: [ app_init ] --END-- [ RunTime:0.000420s ]
INFO: [ app_begin ] --START--
INFO: Run Behavior\ReadHtmlCacheBehavior [ RunTime:0.000489s ]
INFO: [ app_begin ] --END-- [ RunTime:0.000553s ]
INFO: [ view_parse ] --START--
INFO: [ template_filter ] --START--
INFO: Run Behavior\ContentReplaceBehavior [ RunTime:0.000052s ]
INFO: [ template_filter ] --END-- [ RunTime:0.000119s ]
INFO: Run Behavior\ParseTemplateBehavior [ RunTime:0.006593s ]
INFO: [ view_parse ] --END-- [ RunTime:0.006665s ]
INFO: [ view_filter ] --START--
INFO: Run Behavior\WriteHtmlCacheBehavior [ RunTime:0.000148s ]
INFO: [ view_filter ] --END-- [ RunTime:0.000203s ]

[ 2015-12-05T00:19:46+08:00 ] ::1 /HSWS_FRAME/index.php
INFO: [ app_init ] --START--
INFO: Run Behavior\BuildLiteBehavior [ RunTime:0.000021s ]
INFO: [ app_init ] --END-- [ RunTime:0.000424s ]
INFO: [ app_begin ] --START--
INFO: Run Behavior\ReadHtmlCacheBehavior [ RunTime:0.000533s ]
INFO: [ app_begin ] --END-- [ RunTime:0.000603s ]
INFO: [ view_parse ] --START--
INFO: [ template_filter ] --START--
INFO: Run Behavior\ContentReplaceBehavior [ RunTime:0.000060s ]
INFO: [ template_filter ] --END-- [ RunTime:0.000150s ]
INFO: Run Behavior\ParseTemplateBehavior [ RunTime:0.007565s ]
INFO: [ view_parse ] --END-- [ RunTime:0.007651s ]
INFO: [ view_filter ] --START--
INFO: Run Behavior\WriteHtmlCacheBehavior [ RunTime:0.000175s ]
INFO: [ view_filter ] --END-- [ RunTime:0.000235s ]

[ 2015-12-05T00:19:49+08:00 ] ::1 /HSWS_FRAME/index.php/Home/Login/login.html
INFO: [ app_init ] --START--
INFO: Run Behavior\BuildLiteBehavior [ RunTime:0.000018s ]
INFO: [ app_init ] --END-- [ RunTime:0.000399s ]
INFO: [ app_begin ] --START--
INFO: Run Behavior\ReadHtmlCacheBehavior [ RunTime:0.000507s ]
INFO: [ app_begin ] --END-- [ RunTime:0.000574s ]
INFO: [ view_parse ] --START--
INFO: [ template_filter ] --START--
INFO: Run Behavior\ContentReplaceBehavior [ RunTime:0.000061s ]
INFO: [ template_filter ] --END-- [ RunTime:0.000141s ]
INFO: Run Behavior\ParseTemplateBehavior [ RunTime:0.007623s ]
INFO: [ view_parse ] --END-- [ RunTime:0.007689s ]
INFO: [ view_filter ] --START--
INFO: Run Behavior\WriteHtmlCacheBehavior [ RunTime:0.000161s ]
INFO: [ view_filter ] --END-- [ RunTime:0.000218s ]
INFO: [ app_end ] --START--
INFO: Run Behavior\ShowPageTraceBehavior [ RunTime:0.000573s ]
INFO: [ app_end ] --END-- [ RunTime:0.000634s ]

[ 2015-12-05T00:19:58+08:00 ] ::1 /HSWS_FRAME/index.php
INFO: [ app_init ] --START--
INFO: Run Behavior\BuildLiteBehavior [ RunTime:0.000037s ]
INFO: [ app_init ] --END-- [ RunTime:0.001002s ]
INFO: [ app_begin ] --START--
INFO: Run Behavior\ReadHtmlCacheBehavior [ RunTime:0.000838s ]
INFO: [ app_begin ] --END-- [ RunTime:0.000969s ]
INFO: [ view_parse ] --START--
INFO: [ template_filter ] --START--
INFO: Run Behavior\ContentReplaceBehavior [ RunTime:0.000141s ]
INFO: [ template_filter ] --END-- [ RunTime:0.000285s ]
INFO: Run Behavior\ParseTemplateBehavior [ RunTime:0.024959s ]
INFO: [ view_parse ] --END-- [ RunTime:0.025089s ]
INFO: [ view_filter ] --START--
INFO: Run Behavior\WriteHtmlCacheBehavior [ RunTime:0.000250s ]
INFO: [ view_filter ] --END-- [ RunTime:0.000328s ]

[ 2015-12-05T00:20:02+08:00 ] ::1 /HSWS_FRAME/index.php/Home/Login/login.html
INFO: [ app_init ] --START--
INFO: Run Behavior\BuildLiteBehavior [ RunTime:0.000034s ]
INFO: [ app_init ] --END-- [ RunTime:0.000710s ]
INFO: [ app_begin ] --START--
INFO: Run Behavior\ReadHtmlCacheBehavior [ RunTime:0.000779s ]
INFO: [ app_begin ] --END-- [ RunTime:0.000883s ]
INFO: [ view_parse ] --START--
INFO: [ template_filter ] --START--
INFO: Run Behavior\ContentReplaceBehavior [ RunTime:0.000112s ]
INFO: [ template_filter ] --END-- [ RunTime:0.000225s ]
INFO: Run Behavior\ParseTemplateBehavior [ RunTime:0.070410s ]
INFO: [ view_parse ] --END-- [ RunTime:0.070564s ]
INFO: [ view_filter ] --START--
INFO: Run Behavior\WriteHtmlCacheBehavior [ RunTime:0.000308s ]
INFO: [ view_filter ] --END-- [ RunTime:0.000414s ]
INFO: [ app_end ] --START--
INFO: Run Behavior\ShowPageTraceBehavior [ RunTime:0.084030s ]
INFO: [ app_end ] --END-- [ RunTime:0.084157s ]

[ 2015-12-05T00:20:14+08:00 ] ::1 /HSWS_FRAME/index.php/Home/Login/login.html
INFO: [ app_init ] --START--
INFO: Run Behavior\BuildLiteBehavior [ RunTime:0.000018s ]
INFO: [ app_init ] --END-- [ RunTime:0.000384s ]
INFO: [ app_begin ] --START--
INFO: Run Behavior\ReadHtmlCacheBehavior [ RunTime:0.000560s ]
INFO: [ app_begin ] --END-- [ RunTime:0.000641s ]
NOTIC: [8] Undefined index: validate /Applications/MAMP/htdocs/HSWS_FRAME/ThinkPHP/Library/Think/Model.class.php 第 1185 行.
NOTIC: [8] Undefined index: auto /Applications/MAMP/htdocs/HSWS_FRAME/ThinkPHP/Library/Think/Model.class.php 第 1128 行.
SQL: PRAGMA table_info( user ) [ RunTime:0.2249s ]
NOTIC: [8] Undefined index: field /Applications/MAMP/htdocs/HSWS_FRAME/ThinkPHP/Library/Think/Db/Driver/Sqlite.class.php 第 42 行.
NOTIC: [8] Undefined index: field /Applications/MAMP/htdocs/HSWS_FRAME/ThinkPHP/Library/Think/Db/Driver/Sqlite.class.php 第 43 行.
NOTIC: [8] Undefined index: null /Applications/MAMP/htdocs/HSWS_FRAME/ThinkPHP/Library/Think/Db/Driver/Sqlite.class.php 第 45 行.
NOTIC: [8] Undefined index: default /Applications/MAMP/htdocs/HSWS_FRAME/ThinkPHP/Library/Think/Db/Driver/Sqlite.class.php 第 46 行.
NOTIC: [8] Undefined index: dey /Applications/MAMP/htdocs/HSWS_FRAME/ThinkPHP/Library/Think/Db/Driver/Sqlite.class.php 第 47 行.
NOTIC: [8] Undefined index: extra /Applications/MAMP/htdocs/HSWS_FRAME/ThinkPHP/Library/Think/Db/Driver/Sqlite.class.php 第 48 行.
NOTIC: [8] Undefined index: field /Applications/MAMP/htdocs/HSWS_FRAME/ThinkPHP/Library/Think/Db/Driver/Sqlite.class.php 第 42 行.
NOTIC: [8] Undefined index: field /Applications/MAMP/htdocs/HSWS_FRAME/ThinkPHP/Library/Think/Db/Driver/Sqlite.class.php 第 43 行.
NOTIC: [8] Undefined index: null /Applications/MAMP/htdocs/HSWS_FRAME/ThinkPHP/Library/Think/Db/Driver/Sqlite.class.php 第 45 行.
NOTIC: [8] Undefined index: default /Applications/MAMP/htdocs/HSWS_FRAME/ThinkPHP/Library/Think/Db/Driver/Sqlite.class.php 第 46 行.
NOTIC: [8] Undefined index: dey /Applications/MAMP/htdocs/HSWS_FRAME/ThinkPHP/Library/Think/Db/Driver/Sqlite.class.php 第 47 行.
NOTIC: [8] Undefined index: extra /Applications/MAMP/htdocs/HSWS_FRAME/ThinkPHP/Library/Think/Db/Driver/Sqlite.class.php 第 48 行.
NOTIC: [8] Undefined index: field /Applications/MAMP/htdocs/HSWS_FRAME/ThinkPHP/Library/Think/Db/Driver/Sqlite.class.php 第 42 行.
NOTIC: [8] Undefined index: field /Applications/MAMP/htdocs/HSWS_FRAME/ThinkPHP/Library/Think/Db/Driver/Sqlite.class.php 第 43 行.
NOTIC: [8] Undefined index: null /Applications/MAMP/htdocs/HSWS_FRAME/ThinkPHP/Library/Think/Db/Driver/Sqlite.class.php 第 45 行.
NOTIC: [8] Undefined index: default /Applications/MAMP/htdocs/HSWS_FRAME/ThinkPHP/Library/Think/Db/Driver/Sqlite.class.php 第 46 行.
NOTIC: [8] Undefined index: dey /Applications/MAMP/htdocs/HSWS_FRAME/ThinkPHP/Library/Think/Db/Driver/Sqlite.class.php 第 47 行.
NOTIC: [8] Undefined index: extra /Applications/MAMP/htdocs/HSWS_FRAME/ThinkPHP/Library/Think/Db/Driver/Sqlite.class.php 第 48 行.
NOTIC: [8] Undefined index: field /Applications/MAMP/htdocs/HSWS_FRAME/ThinkPHP/Library/Think/Db/Driver/Sqlite.class.php 第 42 行.
NOTIC: [8] Undefined index: field /Applications/MAMP/htdocs/HSWS_FRAME/ThinkPHP/Library/Think/Db/Driver/Sqlite.class.php 第 43 行.
NOTIC: [8] Undefined index: null /Applications/MAMP/htdocs/HSWS_FRAME/ThinkPHP/Library/Think/Db/Driver/Sqlite.class.php 第 45 行.
NOTIC: [8] Undefined index: default /Applications/MAMP/htdocs/HSWS_FRAME/ThinkPHP/Library/Think/Db/Driver/Sqlite.class.php 第 46 行.
NOTIC: [8] Undefined index: dey /Applications/MAMP/htdocs/HSWS_FRAME/ThinkPHP/Library/Think/Db/Driver/Sqlite.class.php 第 47 行.
NOTIC: [8] Undefined index: extra /Applications/MAMP/htdocs/HSWS_FRAME/ThinkPHP/Library/Think/Db/Driver/Sqlite.class.php 第 48 行.
NOTIC: [8] Undefined index: field /Applications/MAMP/htdocs/HSWS_FRAME/ThinkPHP/Library/Think/Db/Driver/Sqlite.class.php 第 42 行.
NOTIC: [8] Undefined index: field /Applications/MAMP/htdocs/HSWS_FRAME/ThinkPHP/Library/Think/Db/Driver/Sqlite.class.php 第 43 行.
NOTIC: [8] Undefined index: null /Applications/MAMP/htdocs/HSWS_FRAME/ThinkPHP/Library/Think/Db/Driver/Sqlite.class.php 第 45 行.
NOTIC: [8] Undefined index: default /Applications/MAMP/htdocs/HSWS_FRAME/ThinkPHP/Library/Think/Db/Driver/Sqlite.class.php 第 46 行.
NOTIC: [8] Undefined index: dey /Applications/MAMP/htdocs/HSWS_FRAME/ThinkPHP/Library/Think/Db/Driver/Sqlite.class.php 第 47 行.
NOTIC: [8] Undefined index: extra /Applications/MAMP/htdocs/HSWS_FRAME/ThinkPHP/Library/Think/Db/Driver/Sqlite.class.php 第 48 行.
NOTIC: [8] Undefined index: field /Applications/MAMP/htdocs/HSWS_FRAME/ThinkPHP/Library/Think/Db/Driver/Sqlite.class.php 第 42 行.
NOTIC: [8] Undefined index: field /Applications/MAMP/htdocs/HSWS_FRAME/ThinkPHP/Library/Think/Db/Driver/Sqlite.class.php 第 43 行.
NOTIC: [8] Undefined index: null /Applications/MAMP/htdocs/HSWS_FRAME/ThinkPHP/Library/Think/Db/Driver/Sqlite.class.php 第 45 行.
NOTIC: [8] Undefined index: default /Applications/MAMP/htdocs/HSWS_FRAME/ThinkPHP/Library/Think/Db/Driver/Sqlite.class.php 第 46 行.
NOTIC: [8] Undefined index: dey /Applications/MAMP/htdocs/HSWS_FRAME/ThinkPHP/Library/Think/Db/Driver/Sqlite.class.php 第 47 行.
NOTIC: [8] Undefined index: extra /Applications/MAMP/htdocs/HSWS_FRAME/ThinkPHP/Library/Think/Db/Driver/Sqlite.class.php 第 48 行.
NOTIC: [8] Undefined index: field /Applications/MAMP/htdocs/HSWS_FRAME/ThinkPHP/Library/Think/Db/Driver/Sqlite.class.php 第 42 行.
NOTIC: [8] Undefined index: field /Applications/MAMP/htdocs/HSWS_FRAME/ThinkPHP/Library/Think/Db/Driver/Sqlite.class.php 第 43 行.
NOTIC: [8] Undefined index: null /Applications/MAMP/htdocs/HSWS_FRAME/ThinkPHP/Library/Think/Db/Driver/Sqlite.class.php 第 45 行.
NOTIC: [8] Undefined index: default /Applications/MAMP/htdocs/HSWS_FRAME/ThinkPHP/Library/Think/Db/Driver/Sqlite.class.php 第 46 行.
NOTIC: [8] Undefined index: dey /Applications/MAMP/htdocs/HSWS_FRAME/ThinkPHP/Library/Think/Db/Driver/Sqlite.class.php 第 47 行.
NOTIC: [8] Undefined index: extra /Applications/MAMP/htdocs/HSWS_FRAME/ThinkPHP/Library/Think/Db/Driver/Sqlite.class.php 第 48 行.
NOTIC: [8] Undefined index: field /Applications/MAMP/htdocs/HSWS_FRAME/ThinkPHP/Library/Think/Db/Driver/Sqlite.class.php 第 42 行.
NOTIC: [8] Undefined index: field /Applications/MAMP/htdocs/HSWS_FRAME/ThinkPHP/Library/Think/Db/Driver/Sqlite.class.php 第 43 行.
NOTIC: [8] Undefined index: null /Applications/MAMP/htdocs/HSWS_FRAME/ThinkPHP/Library/Think/Db/Driver/Sqlite.class.php 第 45 行.
NOTIC: [8] Undefined index: default /Applications/MAMP/htdocs/HSWS_FRAME/ThinkPHP/Library/Think/Db/Driver/Sqlite.class.php 第 46 行.
NOTIC: [8] Undefined index: dey /Applications/MAMP/htdocs/HSWS_FRAME/ThinkPHP/Library/Think/Db/Driver/Sqlite.class.php 第 47 行.
NOTIC: [8] Undefined index: extra /Applications/MAMP/htdocs/HSWS_FRAME/ThinkPHP/Library/Think/Db/Driver/Sqlite.class.php 第 48 行.
NOTIC: [8] Undefined index: field /Applications/MAMP/htdocs/HSWS_FRAME/ThinkPHP/Library/Think/Db/Driver/Sqlite.class.php 第 42 行.
NOTIC: [8] Undefined index: field /Applications/MAMP/htdocs/HSWS_FRAME/ThinkPHP/Library/Think/Db/Driver/Sqlite.class.php 第 43 行.
NOTIC: [8] Undefined index: null /Applications/MAMP/htdocs/HSWS_FRAME/ThinkPHP/Library/Think/Db/Driver/Sqlite.class.php 第 45 行.
NOTIC: [8] Undefined index: default /Applications/MAMP/htdocs/HSWS_FRAME/ThinkPHP/Library/Think/Db/Driver/Sqlite.class.php 第 46 行.
NOTIC: [8] Undefined index: dey /Applications/MAMP/htdocs/HSWS_FRAME/ThinkPHP/Library/Think/Db/Driver/Sqlite.class.php 第 47 行.
NOTIC: [8] Undefined index: extra /Applications/MAMP/htdocs/HSWS_FRAME/ThinkPHP/Library/Think/Db/Driver/Sqlite.class.php 第 48 行.
NOTIC: [8] Undefined index: field /Applications/MAMP/htdocs/HSWS_FRAME/ThinkPHP/Library/Think/Db/Driver/Sqlite.class.php 第 42 行.
NOTIC: [8] Undefined index: field /Applications/MAMP/htdocs/HSWS_FRAME/ThinkPHP/Library/Think/Db/Driver/Sqlite.class.php 第 43 行.
NOTIC: [8] Undefined index: null /Applications/MAMP/htdocs/HSWS_FRAME/ThinkPHP/Library/Think/Db/Driver/Sqlite.class.php 第 45 行.
NOTIC: [8] Undefined index: default /Applications/MAMP/htdocs/HSWS_FRAME/ThinkPHP/Library/Think/Db/Driver/Sqlite.class.php 第 46 行.
NOTIC: [8] Undefined index: dey /Applications/MAMP/htdocs/HSWS_FRAME/ThinkPHP/Library/Think/Db/Driver/Sqlite.class.php 第 47 行.
NOTIC: [8] Undefined index: extra /Applications/MAMP/htdocs/HSWS_FRAME/ThinkPHP/Library/Think/Db/Driver/Sqlite.class.php 第 48 行.
SQL: SELECT * FROM user WHERE ( userId = 2 ) LIMIT 1   [ RunTime:0.0002s ]
INFO: [ view_parse ] --START--
INFO: [ template_filter ] --START--
INFO: Run Behavior\ContentReplaceBehavior [ RunTime:0.000070s ]
INFO: [ template_filter ] --END-- [ RunTime:0.000178s ]
INFO: Run Behavior\ParseTemplateBehavior [ RunTime:0.079714s ]
INFO: [ view_parse ] --END-- [ RunTime:0.079804s ]
INFO: [ view_filter ] --START--
INFO: Run Behavior\WriteHtmlCacheBehavior [ RunTime:0.000192s ]
INFO: [ view_filter ] --END-- [ RunTime:0.000262s ]
NOTIC: [2] Cannot modify header information - headers already sent by (output started at /Applications/MAMP/htdocs/HSWS_FRAME/ThinkPHP/Common/functions.php:850) /Applications/MAMP/htdocs/HSWS_FRAME/ThinkPHP/Library/Think/View.class.php 第 91 行.
NOTIC: [2] Cannot modify header information - headers already sent by (output started at /Applications/MAMP/htdocs/HSWS_FRAME/ThinkPHP/Common/functions.php:850) /Applications/MAMP/htdocs/HSWS_FRAME/ThinkPHP/Library/Think/View.class.php 第 92 行.
NOTIC: [2] Cannot modify header information - headers already sent by (output started at /Applications/MAMP/htdocs/HSWS_FRAME/ThinkPHP/Common/functions.php:850) /Applications/MAMP/htdocs/HSWS_FRAME/ThinkPHP/Library/Think/View.class.php 第 93 行.
INFO: [ app_end ] --START--
INFO: Run Behavior\ShowPageTraceBehavior [ RunTime:0.000683s ]
INFO: [ app_end ] --END-- [ RunTime:0.000761s ]

[ 2015-12-05T00:20:16+08:00 ] ::1 /HSWS_FRAME/index.php/Home/main/index.html
INFO: [ app_init ] --START--
INFO: Run Behavior\BuildLiteBehavior [ RunTime:0.000019s ]
INFO: [ app_init ] --END-- [ RunTime:0.000403s ]
INFO: [ app_begin ] --START--
INFO: Run Behavior\ReadHtmlCacheBehavior [ RunTime:0.000513s ]
INFO: [ app_begin ] --END-- [ RunTime:0.000593s ]
INFO: [ view_parse ] --START--
INFO: [ template_filter ] --START--
INFO: Run Behavior\ContentReplaceBehavior [ RunTime:0.000099s ]
INFO: [ template_filter ] --END-- [ RunTime:0.000210s ]
INFO: Run Behavior\ParseTemplateBehavior [ RunTime:0.139734s ]
INFO: [ view_parse ] --END-- [ RunTime:0.139851s ]
INFO: [ view_filter ] --START--
INFO: Run Behavior\WriteHtmlCacheBehavior [ RunTime:0.000251s ]
INFO: [ view_filter ] --END-- [ RunTime:0.000337s ]
INFO: [ app_end ] --START--
INFO: Run Behavior\ShowPageTraceBehavior [ RunTime:0.001208s ]
INFO: [ app_end ] --END-- [ RunTime:0.001417s ]

[ 2015-12-05T00:20:32+08:00 ] ::1 /HSWS_FRAME/index.php/Home/main/index.html
INFO: [ app_init ] --START--
INFO: Run Behavior\BuildLiteBehavior [ RunTime:0.000038s ]
INFO: [ app_init ] --END-- [ RunTime:0.001121s ]
INFO: [ app_begin ] --START--
INFO: Run Behavior\ReadHtmlCacheBehavior [ RunTime:0.001189s ]
INFO: [ app_begin ] --END-- [ RunTime:0.001323s ]
INFO: [ view_parse ] --START--
INFO: [ template_filter ] --START--
INFO: Run Behavior\ContentReplaceBehavior [ RunTime:0.000134s ]
INFO: [ template_filter ] --END-- [ RunTime:0.000236s ]
INFO: Run Behavior\ParseTemplateBehavior [ RunTime:0.032969s ]
INFO: [ view_parse ] --END-- [ RunTime:0.033063s ]
INFO: [ view_filter ] --START--
INFO: Run Behavior\WriteHtmlCacheBehavior [ RunTime:0.000526s ]
INFO: [ view_filter ] --END-- [ RunTime:0.000632s ]
INFO: [ app_end ] --START--
INFO: Run Behavior\ShowPageTraceBehavior [ RunTime:0.001068s ]
INFO: [ app_end ] --END-- [ RunTime:0.001213s ]

[ 2015-12-05T00:20:33+08:00 ] ::1 /HSWS_FRAME/index.php/Home/login/register.html
INFO: [ app_init ] --START--
INFO: Run Behavior\BuildLiteBehavior [ RunTime:0.000018s ]
INFO: [ app_init ] --END-- [ RunTime:0.000386s ]
INFO: [ app_begin ] --START--
INFO: Run Behavior\ReadHtmlCacheBehavior [ RunTime:0.000491s ]
INFO: [ app_begin ] --END-- [ RunTime:0.000568s ]
INFO: [ view_parse ] --START--
INFO: [ template_filter ] --START--
INFO: Run Behavior\ContentReplaceBehavior [ RunTime:0.000076s ]
INFO: [ template_filter ] --END-- [ RunTime:0.000174s ]
INFO: Run Behavior\ParseTemplateBehavior [ RunTime:0.043939s ]
INFO: [ view_parse ] --END-- [ RunTime:0.044051s ]
INFO: [ view_filter ] --START--
INFO: Run Behavior\WriteHtmlCacheBehavior [ RunTime:0.000298s ]
INFO: [ view_filter ] --END-- [ RunTime:0.000399s ]
INFO: [ app_end ] --START--
INFO: Run Behavior\ShowPageTraceBehavior [ RunTime:0.000887s ]
INFO: [ app_end ] --END-- [ RunTime:0.000986s ]

[ 2015-12-05T00:20:34+08:00 ] ::1 /HSWS_FRAME/index.php?c=main
INFO: [ app_init ] --START--
INFO: Run Behavior\BuildLiteBehavior [ RunTime:0.000017s ]
INFO: [ app_init ] --END-- [ RunTime:0.000378s ]
INFO: [ app_begin ] --START--
INFO: Run Behavior\ReadHtmlCacheBehavior [ RunTime:0.000501s ]
INFO: [ app_begin ] --END-- [ RunTime:0.000567s ]
INFO: [ view_parse ] --START--
INFO: [ template_filter ] --START--
INFO: Run Behavior\ContentReplaceBehavior [ RunTime:0.000115s ]
INFO: [ template_filter ] --END-- [ RunTime:0.000228s ]
INFO: Run Behavior\ParseTemplateBehavior [ RunTime:0.012089s ]
INFO: [ view_parse ] --END-- [ RunTime:0.012172s ]
INFO: [ view_filter ] --START--
INFO: Run Behavior\WriteHtmlCacheBehavior [ RunTime:0.000243s ]
INFO: [ view_filter ] --END-- [ RunTime:0.000319s ]
INFO: [ app_end ] --START--
INFO: Run Behavior\ShowPageTraceBehavior [ RunTime:0.001107s ]
INFO: [ app_end ] --END-- [ RunTime:0.001461s ]

[ 2015-12-05T00:20:37+08:00 ] ::1 /HSWS_FRAME/index.php?c=health&a=sleep
INFO: [ app_init ] --START--
INFO: Run Behavior\BuildLiteBehavior [ RunTime:0.000017s ]
INFO: [ app_init ] --END-- [ RunTime:0.000377s ]
INFO: [ app_begin ] --START--
INFO: Run Behavior\ReadHtmlCacheBehavior [ RunTime:0.000484s ]
INFO: [ app_begin ] --END-- [ RunTime:0.000548s ]
SQL: SELECT * FROM sleepinfo WHERE userId = '2' AND startDate = '2015-12-05' LIMIT 1   [ RunTime:0.1217s ]
INFO: [ view_parse ] --START--
INFO: [ template_filter ] --START--
INFO: Run Behavior\ContentReplaceBehavior [ RunTime:0.000101s ]
INFO: [ template_filter ] --END-- [ RunTime:0.000194s ]
INFO: Run Behavior\ParseTemplateBehavior [ RunTime:0.120477s ]
INFO: [ view_parse ] --END-- [ RunTime:0.120619s ]
INFO: [ view_filter ] --START--
INFO: Run Behavior\WriteHtmlCacheBehavior [ RunTime:0.000299s ]
INFO: [ view_filter ] --END-- [ RunTime:0.000419s ]
INFO: [ app_end ] --START--
INFO: Run Behavior\ShowPageTraceBehavior [ RunTime:0.001331s ]
INFO: [ app_end ] --END-- [ RunTime:0.001509s ]

[ 2015-12-05T00:20:43+08:00 ] ::1 /HSWS_FRAME/index.php?c=advice&a=advice
INFO: [ app_init ] --START--
INFO: Run Behavior\BuildLiteBehavior [ RunTime:0.000017s ]
INFO: [ app_init ] --END-- [ RunTime:0.000404s ]
INFO: [ app_begin ] --START--
INFO: Run Behavior\ReadHtmlCacheBehavior [ RunTime:0.000502s ]
INFO: [ app_begin ] --END-- [ RunTime:0.000568s ]
SQL: SELECT * FROM advice WHERE createdBy = '2' ORDER BY adviceId desc LIMIT 10   [ RunTime:0.0250s ]
INFO: [ view_parse ] --START--
INFO: [ template_filter ] --START--
INFO: Run Behavior\ContentReplaceBehavior [ RunTime:0.000117s ]
INFO: [ template_filter ] --END-- [ RunTime:0.000230s ]
INFO: Run Behavior\ParseTemplateBehavior [ RunTime:0.197242s ]
INFO: [ view_parse ] --END-- [ RunTime:0.197375s ]
INFO: [ view_filter ] --START--
INFO: Run Behavior\WriteHtmlCacheBehavior [ RunTime:0.000245s ]
INFO: [ view_filter ] --END-- [ RunTime:0.000328s ]
INFO: [ app_end ] --START--
INFO: Run Behavior\ShowPageTraceBehavior [ RunTime:0.001038s ]
INFO: [ app_end ] --END-- [ RunTime:0.001189s ]

[ 2015-12-05T00:20:49+08:00 ] ::1 /HSWS_FRAME/index.php?c=advice&a=history
INFO: [ app_init ] --START--
INFO: Run Behavior\BuildLiteBehavior [ RunTime:0.000018s ]
INFO: [ app_init ] --END-- [ RunTime:0.000394s ]
INFO: [ app_begin ] --START--
INFO: Run Behavior\ReadHtmlCacheBehavior [ RunTime:0.000493s ]
INFO: [ app_begin ] --END-- [ RunTime:0.000557s ]
INFO: [ view_parse ] --START--
INFO: [ template_filter ] --START--
INFO: Run Behavior\ContentReplaceBehavior [ RunTime:0.000124s ]
INFO: [ template_filter ] --END-- [ RunTime:0.000241s ]
INFO: Run Behavior\ParseTemplateBehavior [ RunTime:0.073273s ]
INFO: [ view_parse ] --END-- [ RunTime:0.073375s ]
INFO: [ view_filter ] --START--
INFO: Run Behavior\WriteHtmlCacheBehavior [ RunTime:0.000270s ]
INFO: [ view_filter ] --END-- [ RunTime:0.000359s ]
INFO: [ app_end ] --START--
INFO: Run Behavior\ShowPageTraceBehavior [ RunTime:0.001306s ]
INFO: [ app_end ] --END-- [ RunTime:0.001531s ]

[ 2015-12-05T00:56:02+08:00 ] ::1 /HSWS_FRAME/index.php?c=advice&a=history
INFO: [ app_init ] --START--
INFO: Run Behavior\BuildLiteBehavior [ RunTime:0.000027s ]
INFO: [ app_init ] --END-- [ RunTime:0.000761s ]
INFO: [ app_begin ] --START--
INFO: Run Behavior\ReadHtmlCacheBehavior [ RunTime:0.000807s ]
INFO: [ app_begin ] --END-- [ RunTime:0.000929s ]

[ 2015-12-05T00:57:42+08:00 ] ::1 /HSWS_FRAME/index.php?c=advice&a=history
INFO: [ app_init ] --START--
INFO: Run Behavior\BuildLiteBehavior [ RunTime:0.000020s ]
INFO: [ app_init ] --END-- [ RunTime:0.000512s ]
INFO: [ app_begin ] --START--
INFO: Run Behavior\ReadHtmlCacheBehavior [ RunTime:0.000628s ]
INFO: [ app_begin ] --END-- [ RunTime:0.000717s ]

[ 2015-12-05T00:58:14+08:00 ] ::1 /HSWS_FRAME/index.php?c=advice&a=history
INFO: [ app_init ] --START--
INFO: Run Behavior\BuildLiteBehavior [ RunTime:0.000022s ]
INFO: [ app_init ] --END-- [ RunTime:0.000496s ]
INFO: [ app_begin ] --START--
INFO: Run Behavior\ReadHtmlCacheBehavior [ RunTime:0.000628s ]
INFO: [ app_begin ] --END-- [ RunTime:0.000710s ]

[ 2015-12-05T00:58:40+08:00 ] ::1 /HSWS_FRAME/index.php?c=advice&a=history
INFO: [ app_init ] --START--
INFO: Run Behavior\BuildLiteBehavior [ RunTime:0.000018s ]
INFO: [ app_init ] --END-- [ RunTime:0.000387s ]
INFO: [ app_begin ] --START--
INFO: Run Behavior\ReadHtmlCacheBehavior [ RunTime:0.000489s ]
INFO: [ app_begin ] --END-- [ RunTime:0.000553s ]

[ 2015-12-05T00:59:14+08:00 ] 127.0.0.1 /HSWS_FRAME/index.php?c=advice&a=history
INFO: [ app_init ] --START--
INFO: Run Behavior\BuildLiteBehavior [ RunTime:0.000017s ]
INFO: [ app_init ] --END-- [ RunTime:0.000393s ]
INFO: [ app_begin ] --START--
INFO: Run Behavior\ReadHtmlCacheBehavior [ RunTime:0.000494s ]
INFO: [ app_begin ] --END-- [ RunTime:0.000559s ]
SQL: select * from advice a, reply r where a.adviceId = r.adviceId and a.createdBy=2 and r.createdAt=2015-12-05 order by r.replyId desc [ RunTime:0.0590s ]
NOTIC: [4096] Object of class Home\Controller\AdviceController could not be converted to string /Applications/MAMP/htdocs/HSWS_FRAME/Application/Home/Controller/AdviceController.class.php 第 115 行.
NOTIC: [8] Object of class Home\Controller\AdviceController to string conversion /Applications/MAMP/htdocs/HSWS_FRAME/Application/Home/Controller/AdviceController.class.php 第 115 行.
NOTIC: [8] Undefined variable: Object /Applications/MAMP/htdocs/HSWS_FRAME/Application/Home/Controller/AdviceController.class.php 第 115 行.

[ 2015-12-05T00:59:24+08:00 ] ::1 /HSWS_FRAME/index.php?c=advice&a=history
INFO: [ app_init ] --START--
INFO: Run Behavior\BuildLiteBehavior [ RunTime:0.000021s ]
INFO: [ app_init ] --END-- [ RunTime:0.000475s ]
INFO: [ app_begin ] --START--
INFO: Run Behavior\ReadHtmlCacheBehavior [ RunTime:0.000539s ]
INFO: [ app_begin ] --END-- [ RunTime:0.000612s ]
SQL: select * from advice a, reply r where a.adviceId = r.adviceId and a.createdBy=2 and r.createdAt=2015-12-05 order by r.replyId desc [ RunTime:0.0008s ]
INFO: [ view_parse ] --START--
NOTIC: [8] Undefined index: name /Applications/MAMP/htdocs/HSWS_FRAME/ThinkPHP/Library/Think/Template/TagLib/Cx.class.php 第 112 行.
NOTIC: [8] Undefined index: item /Applications/MAMP/htdocs/HSWS_FRAME/ThinkPHP/Library/Think/Template/TagLib/Cx.class.php 第 113 行.
INFO: [ template_filter ] --START--
INFO: Run Behavior\ContentReplaceBehavior [ RunTime:0.000106s ]
INFO: [ template_filter ] --END-- [ RunTime:0.000210s ]

[ 2015-12-05T01:00:38+08:00 ] ::1 /HSWS_FRAME/index.php?c=advice&a=history
INFO: [ app_init ] --START--
INFO: Run Behavior\BuildLiteBehavior [ RunTime:0.000026s ]
INFO: [ app_init ] --END-- [ RunTime:0.000518s ]
INFO: [ app_begin ] --START--
INFO: Run Behavior\ReadHtmlCacheBehavior [ RunTime:0.000576s ]
INFO: [ app_begin ] --END-- [ RunTime:0.000652s ]
SQL: select * from advice a, reply r where a.adviceId = r.adviceId and a.createdBy=2 and r.createdAt=2015-12-05 order by r.replyId desc [ RunTime:0.0008s ]
INFO: [ view_parse ] --START--
NOTIC: [8] Undefined index: name /Applications/MAMP/htdocs/HSWS_FRAME/ThinkPHP/Library/Think/Template/TagLib/Cx.class.php 第 112 行.
NOTIC: [8] Undefined index: item /Applications/MAMP/htdocs/HSWS_FRAME/ThinkPHP/Library/Think/Template/TagLib/Cx.class.php 第 113 行.
INFO: [ template_filter ] --START--
INFO: Run Behavior\ContentReplaceBehavior [ RunTime:0.000123s ]
INFO: [ template_filter ] --END-- [ RunTime:0.000253s ]

[ 2015-12-05T01:01:00+08:00 ] ::1 /HSWS_FRAME/index.php?c=advice&a=history
INFO: [ app_init ] --START--
INFO: Run Behavior\BuildLiteBehavior [ RunTime:0.000019s ]
INFO: [ app_init ] --END-- [ RunTime:0.000396s ]
INFO: [ app_begin ] --START--
INFO: Run Behavior\ReadHtmlCacheBehavior [ RunTime:0.000505s ]
INFO: [ app_begin ] --END-- [ RunTime:0.000571s ]
SQL: select * from advice a, reply r where a.adviceId = r.adviceId and a.createdBy=2 and r.createdAt=2015-12-05 order by r.replyId desc [ RunTime:0.0010s ]
INFO: [ view_parse ] --START--
NOTIC: [8] Undefined index: name /Applications/MAMP/htdocs/HSWS_FRAME/ThinkPHP/Library/Think/Template/TagLib/Cx.class.php 第 112 行.
NOTIC: [8] Undefined index: item /Applications/MAMP/htdocs/HSWS_FRAME/ThinkPHP/Library/Think/Template/TagLib/Cx.class.php 第 113 行.
INFO: [ template_filter ] --START--
INFO: Run Behavior\ContentReplaceBehavior [ RunTime:0.000094s ]
INFO: [ template_filter ] --END-- [ RunTime:0.000189s ]

[ 2015-12-05T01:02:06+08:00 ] ::1 /HSWS_FRAME/index.php?c=advice&a=history
INFO: [ app_init ] --START--
INFO: Run Behavior\BuildLiteBehavior [ RunTime:0.000019s ]
INFO: [ app_init ] --END-- [ RunTime:0.000401s ]
INFO: [ app_begin ] --START--
INFO: Run Behavior\ReadHtmlCacheBehavior [ RunTime:0.000505s ]
INFO: [ app_begin ] --END-- [ RunTime:0.000572s ]
SQL: select * from advice a, reply r where a.adviceId = r.adviceId and a.createdBy=2 and r.createdAt=2015-12-05 order by r.replyId desc [ RunTime:0.0010s ]
INFO: [ app_end ] --START--
INFO: Run Behavior\ShowPageTraceBehavior [ RunTime:0.030797s ]
INFO: [ app_end ] --END-- [ RunTime:0.030922s ]

[ 2015-12-05T01:02:34+08:00 ] ::1 /HSWS_FRAME/index.php?c=advice&a=history
INFO: [ app_init ] --START--
INFO: Run Behavior\BuildLiteBehavior [ RunTime:0.000020s ]
INFO: [ app_init ] --END-- [ RunTime:0.000441s ]
INFO: [ app_begin ] --START--
INFO: Run Behavior\ReadHtmlCacheBehavior [ RunTime:0.000830s ]
INFO: [ app_begin ] --END-- [ RunTime:0.000938s ]
SQL: select * from advice a, reply r where a.adviceId = r.adviceId and a.createdBy=3 and r.createdAt=2015-12-05 order by r.replyId desc [ RunTime:0.0006s ]
INFO: [ app_end ] --START--
INFO: Run Behavior\ShowPageTraceBehavior [ RunTime:0.000859s ]
INFO: [ app_end ] --END-- [ RunTime:0.000946s ]

[ 2015-12-05T01:02:46+08:00 ] ::1 /HSWS_FRAME/index.php?c=advice&a=history
INFO: [ app_init ] --START--
INFO: Run Behavior\BuildLiteBehavior [ RunTime:0.000017s ]
INFO: [ app_init ] --END-- [ RunTime:0.000388s ]
INFO: [ app_begin ] --START--
INFO: Run Behavior\ReadHtmlCacheBehavior [ RunTime:0.000588s ]
INFO: [ app_begin ] --END-- [ RunTime:0.000664s ]
SQL: select * from advice a, reply r where a.adviceId = r.adviceId and a.createdBy=1 and r.createdAt=2015-12-05 order by r.replyId desc [ RunTime:0.0010s ]
INFO: [ app_end ] --START--
INFO: Run Behavior\ShowPageTraceBehavior [ RunTime:0.000761s ]
INFO: [ app_end ] --END-- [ RunTime:0.000848s ]

[ 2015-12-05T01:02:52+08:00 ] ::1 /HSWS_FRAME/index.php?c=advice&a=history
INFO: [ app_init ] --START--
INFO: Run Behavior\BuildLiteBehavior [ RunTime:0.000017s ]
INFO: [ app_init ] --END-- [ RunTime:0.000383s ]
INFO: [ app_begin ] --START--
INFO: Run Behavior\ReadHtmlCacheBehavior [ RunTime:0.000493s ]
INFO: [ app_begin ] --END-- [ RunTime:0.000558s ]
SQL: select * from advice a, reply r where a.adviceId = r.adviceId and a.createdBy=2 and r.createdAt=2015-12-05 order by r.replyId desc [ RunTime:0.0006s ]
INFO: [ app_end ] --START--
INFO: Run Behavior\ShowPageTraceBehavior [ RunTime:0.000734s ]
INFO: [ app_end ] --END-- [ RunTime:0.000808s ]

[ 2015-12-05T01:02:57+08:00 ] ::1 /HSWS_FRAME/index.php?c=advice&a=history
INFO: [ app_init ] --START--
INFO: Run Behavior\BuildLiteBehavior [ RunTime:0.000019s ]
INFO: [ app_init ] --END-- [ RunTime:0.000412s ]
INFO: [ app_begin ] --START--
INFO: Run Behavior\ReadHtmlCacheBehavior [ RunTime:0.000520s ]
INFO: [ app_begin ] --END-- [ RunTime:0.000588s ]
SQL: select * from advice a, reply r where a.adviceId = r.adviceId and a.createdBy=3 and r.createdAt=2015-12-05 order by r.replyId desc [ RunTime:0.0008s ]
INFO: [ app_end ] --START--
INFO: Run Behavior\ShowPageTraceBehavior [ RunTime:0.000804s ]
INFO: [ app_end ] --END-- [ RunTime:0.000912s ]

[ 2015-12-05T01:03:22+08:00 ] ::1 /HSWS_FRAME/index.php?c=advice&a=history
INFO: [ app_init ] --START--
INFO: Run Behavior\BuildLiteBehavior [ RunTime:0.000033s ]
INFO: [ app_init ] --END-- [ RunTime:0.000701s ]
INFO: [ app_begin ] --START--
INFO: Run Behavior\ReadHtmlCacheBehavior [ RunTime:0.000782s ]
INFO: [ app_begin ] --END-- [ RunTime:0.000884s ]
SQL: select * from advice a, reply r where a.adviceId = r.adviceId and a.createdBy=4 and r.createdAt=2015-12-05 order by r.replyId desc [ RunTime:0.0010s ]
INFO: [ app_end ] --START--
INFO: Run Behavior\ShowPageTraceBehavior [ RunTime:0.000910s ]
INFO: [ app_end ] --END-- [ RunTime:0.001000s ]

[ 2015-12-05T01:06:52+08:00 ] 127.0.0.1 /HSWS_FRAME/index.php?c=advice&a=history
INFO: [ app_init ] --START--
INFO: Run Behavior\BuildLiteBehavior [ RunTime:0.000027s ]
INFO: [ app_init ] --END-- [ RunTime:0.000858s ]
INFO: [ app_begin ] --START--
INFO: Run Behavior\ReadHtmlCacheBehavior [ RunTime:0.001102s ]
INFO: [ app_begin ] --END-- [ RunTime:0.001223s ]
SQL: select * from advice a, reply r where a.adviceId = r.adviceId and a.createdBy=3 and r.createdAt=2015-12-05 order by r.replyId desc [ RunTime:0.0266s ]
INFO: [ app_end ] --START--
INFO: Run Behavior\ShowPageTraceBehavior [ RunTime:0.001111s ]
INFO: [ app_end ] --END-- [ RunTime:0.001205s ]

[ 2015-12-05T01:07:41+08:00 ] ::1 /HSWS_FRAME/index.php?c=advice&a=history
INFO: [ app_init ] --START--
INFO: Run Behavior\BuildLiteBehavior [ RunTime:0.000019s ]
INFO: [ app_init ] --END-- [ RunTime:0.000394s ]
INFO: [ app_begin ] --START--
INFO: Run Behavior\ReadHtmlCacheBehavior [ RunTime:0.000489s ]
INFO: [ app_begin ] --END-- [ RunTime:0.000552s ]
SQL: select * from advice a, reply r where a.adviceId = r.adviceId and a.createdBy=3 and r.createdAt=2015-12-05 order by r.replyId desc [ RunTime:0.0008s ]
INFO: [ app_end ] --START--
INFO: Run Behavior\ShowPageTraceBehavior [ RunTime:0.000826s ]
INFO: [ app_end ] --END-- [ RunTime:0.000926s ]

[ 2015-12-05T01:09:10+08:00 ] ::1 /HSWS_FRAME/index.php?c=advice&a=history
INFO: [ app_init ] --START--
INFO: Run Behavior\BuildLiteBehavior [ RunTime:0.000026s ]
INFO: [ app_init ] --END-- [ RunTime:0.000765s ]
INFO: [ app_begin ] --START--
INFO: Run Behavior\ReadHtmlCacheBehavior [ RunTime:0.001071s ]
INFO: [ app_begin ] --END-- [ RunTime:0.001194s ]
SQL: select * from advice a, reply r where a.adviceId = r.adviceId [ RunTime:0.0269s ]
INFO: [ app_end ] --START--
INFO: Run Behavior\ShowPageTraceBehavior [ RunTime:0.001125s ]
INFO: [ app_end ] --END-- [ RunTime:0.001274s ]

[ 2015-12-05T01:10:56+08:00 ] ::1 /HSWS_FRAME/index.php?c=advice&a=history
INFO: [ app_init ] --START--
INFO: Run Behavior\BuildLiteBehavior [ RunTime:0.000035s ]
INFO: [ app_init ] --END-- [ RunTime:0.000805s ]
INFO: [ app_begin ] --START--
INFO: Run Behavior\ReadHtmlCacheBehavior [ RunTime:0.000935s ]
INFO: [ app_begin ] --END-- [ RunTime:0.001063s ]
SQL: select * from advice a, reply r where a.adviceId = r.adviceId and a.createdBy=3 [ RunTime:0.0009s ]
INFO: [ app_end ] --START--
INFO: Run Behavior\ShowPageTraceBehavior [ RunTime:0.000840s ]
INFO: [ app_end ] --END-- [ RunTime:0.000960s ]

[ 2015-12-05T01:11:10+08:00 ] ::1 /HSWS_FRAME/index.php?c=advice&a=history
INFO: [ app_init ] --START--
INFO: Run Behavior\BuildLiteBehavior [ RunTime:0.000018s ]
INFO: [ app_init ] --END-- [ RunTime:0.000389s ]
INFO: [ app_begin ] --START--
INFO: Run Behavior\ReadHtmlCacheBehavior [ RunTime:0.000503s ]
INFO: [ app_begin ] --END-- [ RunTime:0.000569s ]
SQL: select * from advice a, reply r where a.adviceId = r.adviceId and a.createdBy=5 [ RunTime:0.0006s ]
INFO: [ app_end ] --START--
INFO: Run Behavior\ShowPageTraceBehavior [ RunTime:0.000626s ]
INFO: [ app_end ] --END-- [ RunTime:0.000699s ]

[ 2015-12-05T01:11:49+08:00 ] ::1 /HSWS_FRAME/index.php?c=advice&a=history
INFO: [ app_init ] --START--
INFO: Run Behavior\BuildLiteBehavior [ RunTime:0.000021s ]
INFO: [ app_init ] --END-- [ RunTime:0.000425s ]
INFO: [ app_begin ] --START--
INFO: Run Behavior\ReadHtmlCacheBehavior [ RunTime:0.000541s ]
INFO: [ app_begin ] --END-- [ RunTime:0.000661s ]
SQL: select * from advice a, reply r where a.adviceId = r.adviceId and a.createdBy=3 [ RunTime:0.0007s ]
INFO: [ app_end ] --START--
INFO: Run Behavior\ShowPageTraceBehavior [ RunTime:0.000676s ]
INFO: [ app_end ] --END-- [ RunTime:0.000765s ]

[ 2015-12-05T01:13:47+08:00 ] ::1 /HSWS_FRAME/index.php?c=advice&a=history
INFO: [ app_init ] --START--
INFO: Run Behavior\BuildLiteBehavior [ RunTime:0.000039s ]
INFO: [ app_init ] --END-- [ RunTime:0.026045s ]
INFO: [ app_begin ] --START--
INFO: Run Behavior\ReadHtmlCacheBehavior [ RunTime:0.001107s ]
INFO: [ app_begin ] --END-- [ RunTime:0.001230s ]
NOTIC: [8] Undefined variable: createdAt /Applications/MAMP/htdocs/HSWS_FRAME/Application/Home/Model/ReplyModel.class.php 第 62 行.
SQL: select * from advice a, reply r where a.adviceId = r.adviceId and a.createdBy=3 order by r.replyId desc [ RunTime:0.0125s ]
INFO: [ app_end ] --START--
INFO: Run Behavior\ShowPageTraceBehavior [ RunTime:0.001124s ]
INFO: [ app_end ] --END-- [ RunTime:0.001230s ]

[ 2015-12-05T01:18:41+08:00 ] ::1 /HSWS_FRAME/index.php?c=advice&a=history
INFO: [ app_init ] --START--
INFO: Run Behavior\BuildLiteBehavior [ RunTime:0.000042s ]
INFO: [ app_init ] --END-- [ RunTime:0.001192s ]
INFO: [ app_begin ] --START--
INFO: Run Behavior\ReadHtmlCacheBehavior [ RunTime:0.029383s ]
INFO: [ app_begin ] --END-- [ RunTime:0.029697s ]
SQL: select * from advice a, reply r where a.adviceId = r.adviceId and a.createdBy=2 order by r.replyId desc limit 5 [ RunTime:0.0239s ]
INFO: [ view_parse ] --START--
INFO: [ template_filter ] --START--
INFO: Run Behavior\ContentReplaceBehavior [ RunTime:0.000109s ]
INFO: [ template_filter ] --END-- [ RunTime:0.000215s ]
INFO: Run Behavior\ParseTemplateBehavior [ RunTime:0.094464s ]
INFO: [ view_parse ] --END-- [ RunTime:0.094584s ]
INFO: [ view_filter ] --START--
INFO: Run Behavior\WriteHtmlCacheBehavior [ RunTime:0.000558s ]
INFO: [ view_filter ] --END-- [ RunTime:0.000648s ]
INFO: [ app_end ] --START--
INFO: Run Behavior\ShowPageTraceBehavior [ RunTime:0.001819s ]
INFO: [ app_end ] --END-- [ RunTime:0.002107s ]

[ 2015-12-05T01:18:58+08:00 ] 127.0.0.1 /HSWS_FRAME/index.php?c=advice&a=history
INFO: [ app_init ] --START--
INFO: Run Behavior\BuildLiteBehavior [ RunTime:0.000024s ]
INFO: [ app_init ] --END-- [ RunTime:0.000514s ]
INFO: [ app_begin ] --START--
INFO: Run Behavior\ReadHtmlCacheBehavior [ RunTime:0.000659s ]
INFO: [ app_begin ] --END-- [ RunTime:0.000752s ]
SQL: select * from advice a, reply r where a.adviceId = r.adviceId and a.createdBy=3 order by r.replyId desc limit 5 [ RunTime:0.0124s ]
INFO: [ view_parse ] --START--
INFO: [ template_filter ] --START--
INFO: Run Behavior\ContentReplaceBehavior [ RunTime:0.000110s ]
INFO: [ template_filter ] --END-- [ RunTime:0.000205s ]
INFO: Run Behavior\ParseTemplateBehavior [ RunTime:0.017121s ]
INFO: [ view_parse ] --END-- [ RunTime:0.017220s ]
INFO: [ view_filter ] --START--
INFO: Run Behavior\WriteHtmlCacheBehavior [ RunTime:0.000201s ]
INFO: [ view_filter ] --END-- [ RunTime:0.000261s ]
INFO: [ app_end ] --START--
INFO: Run Behavior\ShowPageTraceBehavior [ RunTime:0.000844s ]
INFO: [ app_end ] --END-- [ RunTime:0.000970s ]

[ 2015-12-05T01:21:56+08:00 ] ::1 /HSWS_FRAME/index.php?c=advice&a=history
INFO: [ app_init ] --START--
INFO: Run Behavior\BuildLiteBehavior [ RunTime:0.000035s ]
INFO: [ app_init ] --END-- [ RunTime:0.001735s ]
INFO: [ app_begin ] --START--
INFO: Run Behavior\ReadHtmlCacheBehavior [ RunTime:0.014450s ]
INFO: [ app_begin ] --END-- [ RunTime:0.014606s ]
SQL: select * from advice a, reply r where a.adviceId = r.adviceId and a.createdBy=2 order by r.replyId desc limit 5 [ RunTime:0.0497s ]
INFO: [ view_parse ] --START--
INFO: [ template_filter ] --START--
INFO: Run Behavior\ContentReplaceBehavior [ RunTime:0.000109s ]
INFO: [ template_filter ] --END-- [ RunTime:0.000213s ]
INFO: Run Behavior\ParseTemplateBehavior [ RunTime:0.104622s ]
INFO: [ view_parse ] --END-- [ RunTime:0.104757s ]
INFO: [ view_filter ] --START--
INFO: Run Behavior\WriteHtmlCacheBehavior [ RunTime:0.046568s ]
INFO: [ view_filter ] --END-- [ RunTime:0.046713s ]
INFO: [ app_end ] --START--
INFO: Run Behavior\ShowPageTraceBehavior [ RunTime:0.023381s ]
INFO: [ app_end ] --END-- [ RunTime:0.023562s ]

[ 2015-12-05T01:22:07+08:00 ] ::1 /HSWS_FRAME/index.php?c=advice&a=history
INFO: [ app_init ] --START--
INFO: Run Behavior\BuildLiteBehavior [ RunTime:0.000017s ]
INFO: [ app_init ] --END-- [ RunTime:0.000391s ]
INFO: [ app_begin ] --START--
INFO: Run Behavior\ReadHtmlCacheBehavior [ RunTime:0.000490s ]
INFO: [ app_begin ] --END-- [ RunTime:0.000555s ]
SQL: select * from advice a, reply r where a.adviceId = r.adviceId and a.createdBy=3 order by r.replyId desc limit 5 [ RunTime:0.0006s ]
INFO: [ view_parse ] --START--
INFO: [ template_filter ] --START--
INFO: Run Behavior\ContentReplaceBehavior [ RunTime:0.000131s ]
INFO: [ template_filter ] --END-- [ RunTime:0.000242s ]
NOTIC: [8] Undefined index: adviceId /Applications/MAMP/htdocs/HSWS_FRAME/Application/Runtime/Cache/Home/e9b0ceebca2afb63c810986d41f308aa.php 第 168 行.
NOTIC: [8] Undefined index: adviceId /Applications/MAMP/htdocs/HSWS_FRAME/Application/Runtime/Cache/Home/e9b0ceebca2afb63c810986d41f308aa.php 第 168 行.
INFO: Run Behavior\ParseTemplateBehavior [ RunTime:0.016798s ]
INFO: [ view_parse ] --END-- [ RunTime:0.016927s ]
INFO: [ view_filter ] --START--
INFO: Run Behavior\WriteHtmlCacheBehavior [ RunTime:0.000250s ]
INFO: [ view_filter ] --END-- [ RunTime:0.000334s ]
INFO: [ app_end ] --START--
INFO: Run Behavior\ShowPageTraceBehavior [ RunTime:0.001240s ]
INFO: [ app_end ] --END-- [ RunTime:0.001580s ]

[ 2015-12-05T01:22:48+08:00 ] ::1 /HSWS_FRAME/index.php?c=advice&a=history
INFO: [ app_init ] --START--
INFO: Run Behavior\BuildLiteBehavior [ RunTime:0.000024s ]
INFO: [ app_init ] --END-- [ RunTime:0.000510s ]
INFO: [ app_begin ] --START--
INFO: Run Behavior\ReadHtmlCacheBehavior [ RunTime:0.000552s ]
INFO: [ app_begin ] --END-- [ RunTime:0.000624s ]
SQL: select * from advice a, reply r where a.adviceId = r.adviceId and a.createdBy=3 order by r.replyId desc limit 5 [ RunTime:0.0008s ]
INFO: [ view_parse ] --START--
INFO: [ template_filter ] --START--
INFO: Run Behavior\ContentReplaceBehavior [ RunTime:0.000121s ]
INFO: [ template_filter ] --END-- [ RunTime:0.000221s ]
NOTIC: [8] Undefined index: adviceId /Applications/MAMP/htdocs/HSWS_FRAME/Application/Runtime/Cache/Home/e9b0ceebca2afb63c810986d41f308aa.php 第 168 行.
NOTIC: [8] Undefined index: adviceId /Applications/MAMP/htdocs/HSWS_FRAME/Application/Runtime/Cache/Home/e9b0ceebca2afb63c810986d41f308aa.php 第 168 行.
INFO: Run Behavior\ParseTemplateBehavior [ RunTime:0.017590s ]
INFO: [ view_parse ] --END-- [ RunTime:0.017659s ]
INFO: [ view_filter ] --START--
INFO: Run Behavior\WriteHtmlCacheBehavior [ RunTime:0.000207s ]
INFO: [ view_filter ] --END-- [ RunTime:0.000266s ]
NOTIC: [2] Cannot modify header information - headers already sent by (output started at /Applications/MAMP/htdocs/HSWS_FRAME/ThinkPHP/Common/functions.php:850) /Applications/MAMP/htdocs/HSWS_FRAME/ThinkPHP/Library/Think/View.class.php 第 91 行.
NOTIC: [2] Cannot modify header information - headers already sent by (output started at /Applications/MAMP/htdocs/HSWS_FRAME/ThinkPHP/Common/functions.php:850) /Applications/MAMP/htdocs/HSWS_FRAME/ThinkPHP/Library/Think/View.class.php 第 92 行.
NOTIC: [2] Cannot modify header information - headers already sent by (output started at /Applications/MAMP/htdocs/HSWS_FRAME/ThinkPHP/Common/functions.php:850) /Applications/MAMP/htdocs/HSWS_FRAME/ThinkPHP/Library/Think/View.class.php 第 93 行.
INFO: [ app_end ] --START--
INFO: Run Behavior\ShowPageTraceBehavior [ RunTime:0.000860s ]
INFO: [ app_end ] --END-- [ RunTime:0.000993s ]

[ 2015-12-05T01:23:09+08:00 ] ::1 /HSWS_FRAME/index.php?c=advice&a=history
INFO: [ app_init ] --START--
INFO: Run Behavior\BuildLiteBehavior [ RunTime:0.000024s ]
INFO: [ app_init ] --END-- [ RunTime:0.000509s ]
INFO: [ app_begin ] --START--
INFO: Run Behavior\ReadHtmlCacheBehavior [ RunTime:0.000562s ]
INFO: [ app_begin ] --END-- [ RunTime:0.000634s ]
SQL: select * from advice a, reply r where a.adviceId = r.adviceId and a.createdBy=3 order by r.replyId desc limit 5 [ RunTime:0.0009s ]
INFO: [ view_parse ] --START--
INFO: [ template_filter ] --START--
INFO: Run Behavior\ContentReplaceBehavior [ RunTime:0.000121s ]
INFO: [ template_filter ] --END-- [ RunTime:0.000221s ]
INFO: Run Behavior\ParseTemplateBehavior [ RunTime:0.017552s ]
INFO: [ view_parse ] --END-- [ RunTime:0.017694s ]
INFO: [ view_filter ] --START--
INFO: Run Behavior\WriteHtmlCacheBehavior [ RunTime:0.000226s ]
INFO: [ view_filter ] --END-- [ RunTime:0.000301s ]
NOTIC: [2] Cannot modify header information - headers already sent by (output started at /Applications/MAMP/htdocs/HSWS_FRAME/ThinkPHP/Common/functions.php:850) /Applications/MAMP/htdocs/HSWS_FRAME/ThinkPHP/Library/Think/View.class.php 第 91 行.
NOTIC: [2] Cannot modify header information - headers already sent by (output started at /Applications/MAMP/htdocs/HSWS_FRAME/ThinkPHP/Common/functions.php:850) /Applications/MAMP/htdocs/HSWS_FRAME/ThinkPHP/Library/Think/View.class.php 第 92 行.
NOTIC: [2] Cannot modify header information - headers already sent by (output started at /Applications/MAMP/htdocs/HSWS_FRAME/ThinkPHP/Common/functions.php:850) /Applications/MAMP/htdocs/HSWS_FRAME/ThinkPHP/Library/Think/View.class.php 第 93 行.
INFO: [ app_end ] --START--
INFO: Run Behavior\ShowPageTraceBehavior [ RunTime:0.001783s ]
INFO: [ app_end ] --END-- [ RunTime:0.002417s ]

[ 2015-12-05T01:23:35+08:00 ] ::1 /HSWS_FRAME/index.php?c=advice&a=history
INFO: [ app_init ] --START--
INFO: Run Behavior\BuildLiteBehavior [ RunTime:0.000021s ]
INFO: [ app_init ] --END-- [ RunTime:0.000539s ]
INFO: [ app_begin ] --START--
INFO: Run Behavior\ReadHtmlCacheBehavior [ RunTime:0.000684s ]
INFO: [ app_begin ] --END-- [ RunTime:0.000772s ]
SQL: select * from advice a, reply r where a.adviceId = r.adviceId and a.createdBy=3 order by r.replyId desc limit 5 [ RunTime:0.0012s ]
INFO: [ view_parse ] --START--
INFO: [ template_filter ] --START--
INFO: Run Behavior\ContentReplaceBehavior [ RunTime:0.000127s ]
INFO: [ template_filter ] --END-- [ RunTime:0.000229s ]
INFO: Run Behavior\ParseTemplateBehavior [ RunTime:0.017306s ]
INFO: [ view_parse ] --END-- [ RunTime:0.017440s ]
INFO: [ view_filter ] --START--
INFO: Run Behavior\WriteHtmlCacheBehavior [ RunTime:0.000262s ]
INFO: [ view_filter ] --END-- [ RunTime:0.000336s ]
NOTIC: [2] Cannot modify header information - headers already sent by (output started at /Applications/MAMP/htdocs/HSWS_FRAME/ThinkPHP/Common/functions.php:850) /Applications/MAMP/htdocs/HSWS_FRAME/ThinkPHP/Library/Think/View.class.php 第 91 行.
NOTIC: [2] Cannot modify header information - headers already sent by (output started at /Applications/MAMP/htdocs/HSWS_FRAME/ThinkPHP/Common/functions.php:850) /Applications/MAMP/htdocs/HSWS_FRAME/ThinkPHP/Library/Think/View.class.php 第 92 行.
NOTIC: [2] Cannot modify header information - headers already sent by (output started at /Applications/MAMP/htdocs/HSWS_FRAME/ThinkPHP/Common/functions.php:850) /Applications/MAMP/htdocs/HSWS_FRAME/ThinkPHP/Library/Think/View.class.php 第 93 行.
INFO: [ app_end ] --START--
INFO: Run Behavior\ShowPageTraceBehavior [ RunTime:0.001812s ]
INFO: [ app_end ] --END-- [ RunTime:0.001980s ]

[ 2015-12-05T01:23:39+08:00 ] ::1 /HSWS_FRAME/index.php?c=advice&a=history
INFO: [ app_init ] --START--
INFO: Run Behavior\BuildLiteBehavior [ RunTime:0.000018s ]
INFO: [ app_init ] --END-- [ RunTime:0.000388s ]
INFO: [ app_begin ] --START--
INFO: Run Behavior\ReadHtmlCacheBehavior [ RunTime:0.000494s ]
INFO: [ app_begin ] --END-- [ RunTime:0.000559s ]
SQL: select * from advice a, reply r where a.adviceId = r.adviceId and a.createdBy=3 order by r.replyId desc limit 5 [ RunTime:0.0006s ]
INFO: [ view_parse ] --START--
INFO: [ template_filter ] --START--
INFO: Run Behavior\ContentReplaceBehavior [ RunTime:0.000090s ]
INFO: [ template_filter ] --END-- [ RunTime:0.000190s ]
INFO: Run Behavior\ParseTemplateBehavior [ RunTime:0.015468s ]
INFO: [ view_parse ] --END-- [ RunTime:0.015550s ]
INFO: [ view_filter ] --START--
INFO: Run Behavior\WriteHtmlCacheBehavior [ RunTime:0.000200s ]
INFO: [ view_filter ] --END-- [ RunTime:0.000261s ]
NOTIC: [2] Cannot modify header information - headers already sent by (output started at /Applications/MAMP/htdocs/HSWS_FRAME/ThinkPHP/Common/functions.php:850) /Applications/MAMP/htdocs/HSWS_FRAME/ThinkPHP/Library/Think/View.class.php 第 91 行.
NOTIC: [2] Cannot modify header information - headers already sent by (output started at /Applications/MAMP/htdocs/HSWS_FRAME/ThinkPHP/Common/functions.php:850) /Applications/MAMP/htdocs/HSWS_FRAME/ThinkPHP/Library/Think/View.class.php 第 92 行.
NOTIC: [2] Cannot modify header information - headers already sent by (output started at /Applications/MAMP/htdocs/HSWS_FRAME/ThinkPHP/Common/functions.php:850) /Applications/MAMP/htdocs/HSWS_FRAME/ThinkPHP/Library/Think/View.class.php 第 93 行.
INFO: [ app_end ] --START--
INFO: Run Behavior\ShowPageTraceBehavior [ RunTime:0.000924s ]
INFO: [ app_end ] --END-- [ RunTime:0.001043s ]

[ 2015-12-05T01:23:59+08:00 ] ::1 /HSWS_FRAME/index.php?c=advice&a=history
INFO: [ app_init ] --START--
INFO: Run Behavior\BuildLiteBehavior [ RunTime:0.000036s ]
INFO: [ app_init ] --END-- [ RunTime:0.000937s ]
INFO: [ app_begin ] --START--
INFO: Run Behavior\ReadHtmlCacheBehavior [ RunTime:0.028923s ]
INFO: [ app_begin ] --END-- [ RunTime:0.029118s ]
SQL: select * from advice a, reply r where a.adviceId = r.adviceId and a.createdBy=3 order by r.replyId desc limit 5 [ RunTime:0.0249s ]
INFO: [ view_parse ] --START--
INFO: [ template_filter ] --START--
INFO: Run Behavior\ContentReplaceBehavior [ RunTime:0.000124s ]
INFO: [ template_filter ] --END-- [ RunTime:0.000226s ]
INFO: Run Behavior\ParseTemplateBehavior [ RunTime:0.047939s ]
INFO: [ view_parse ] --END-- [ RunTime:0.048049s ]
INFO: [ view_filter ] --START--
INFO: Run Behavior\WriteHtmlCacheBehavior [ RunTime:0.000558s ]
INFO: [ view_filter ] --END-- [ RunTime:0.000640s ]
NOTIC: [2] Cannot modify header information - headers already sent by (output started at /Applications/MAMP/htdocs/HSWS_FRAME/ThinkPHP/Common/functions.php:850) /Applications/MAMP/htdocs/HSWS_FRAME/ThinkPHP/Library/Think/View.class.php 第 91 行.
NOTIC: [2] Cannot modify header information - headers already sent by (output started at /Applications/MAMP/htdocs/HSWS_FRAME/ThinkPHP/Common/functions.php:850) /Applications/MAMP/htdocs/HSWS_FRAME/ThinkPHP/Library/Think/View.class.php 第 92 行.
NOTIC: [2] Cannot modify header information - headers already sent by (output started at /Applications/MAMP/htdocs/HSWS_FRAME/ThinkPHP/Common/functions.php:850) /Applications/MAMP/htdocs/HSWS_FRAME/ThinkPHP/Library/Think/View.class.php 第 93 行.
INFO: [ app_end ] --START--
INFO: Run Behavior\ShowPageTraceBehavior [ RunTime:0.001297s ]
INFO: [ app_end ] --END-- [ RunTime:0.001482s ]

[ 2015-12-05T01:24:58+08:00 ] ::1 /HSWS_FRAME/index.php?c=advice&a=history
INFO: [ app_init ] --START--
INFO: Run Behavior\BuildLiteBehavior [ RunTime:0.000027s ]
INFO: [ app_init ] --END-- [ RunTime:0.000785s ]
INFO: [ app_begin ] --START--
INFO: Run Behavior\ReadHtmlCacheBehavior [ RunTime:0.001092s ]
INFO: [ app_begin ] --END-- [ RunTime:0.001217s ]
SQL: select * from advice a, reply r where a.adviceId = r.adviceId and a.createdBy=3 order by r.replyId desc limit 5 [ RunTime:0.0256s ]
INFO: [ view_parse ] --START--
INFO: [ template_filter ] --START--
INFO: Run Behavior\ContentReplaceBehavior [ RunTime:0.000089s ]
INFO: [ template_filter ] --END-- [ RunTime:0.000185s ]
INFO: Run Behavior\ParseTemplateBehavior [ RunTime:0.027418s ]
INFO: [ view_parse ] --END-- [ RunTime:0.027536s ]
INFO: [ view_filter ] --START--
INFO: Run Behavior\WriteHtmlCacheBehavior [ RunTime:0.000674s ]
INFO: [ view_filter ] --END-- [ RunTime:0.000773s ]
NOTIC: [2] Cannot modify header information - headers already sent by (output started at /Applications/MAMP/htdocs/HSWS_FRAME/ThinkPHP/Common/functions.php:850) /Applications/MAMP/htdocs/HSWS_FRAME/ThinkPHP/Library/Think/View.class.php 第 91 行.
NOTIC: [2] Cannot modify header information - headers already sent by (output started at /Applications/MAMP/htdocs/HSWS_FRAME/ThinkPHP/Common/functions.php:850) /Applications/MAMP/htdocs/HSWS_FRAME/ThinkPHP/Library/Think/View.class.php 第 92 行.
NOTIC: [2] Cannot modify header information - headers already sent by (output started at /Applications/MAMP/htdocs/HSWS_FRAME/ThinkPHP/Common/functions.php:850) /Applications/MAMP/htdocs/HSWS_FRAME/ThinkPHP/Library/Think/View.class.php 第 93 行.
INFO: [ app_end ] --START--
INFO: Run Behavior\ShowPageTraceBehavior [ RunTime:0.001302s ]
INFO: [ app_end ] --END-- [ RunTime:0.001448s ]

[ 2015-12-05T01:25:18+08:00 ] ::1 /HSWS_FRAME/index.php?c=advice&a=history
INFO: [ app_init ] --START--
INFO: Run Behavior\BuildLiteBehavior [ RunTime:0.000019s ]
INFO: [ app_init ] --END-- [ RunTime:0.000395s ]
INFO: [ app_begin ] --START--
INFO: Run Behavior\ReadHtmlCacheBehavior [ RunTime:0.000506s ]
INFO: [ app_begin ] --END-- [ RunTime:0.000572s ]
SQL: select * from advice a, reply r where a.adviceId = r.adviceId and a.createdBy=3 order by r.replyId desc limit 5 [ RunTime:0.0008s ]
INFO: [ view_parse ] --START--
INFO: [ template_filter ] --START--
INFO: Run Behavior\ContentReplaceBehavior [ RunTime:0.000089s ]
INFO: [ template_filter ] --END-- [ RunTime:0.000189s ]
INFO: Run Behavior\ParseTemplateBehavior [ RunTime:0.015756s ]
INFO: [ view_parse ] --END-- [ RunTime:0.015863s ]
INFO: [ view_filter ] --START--
INFO: Run Behavior\WriteHtmlCacheBehavior [ RunTime:0.000288s ]
INFO: [ view_filter ] --END-- [ RunTime:0.000353s ]
NOTIC: [2] Cannot modify header information - headers already sent by (output started at /Applications/MAMP/htdocs/HSWS_FRAME/ThinkPHP/Common/functions.php:850) /Applications/MAMP/htdocs/HSWS_FRAME/ThinkPHP/Library/Think/View.class.php 第 91 行.
NOTIC: [2] Cannot modify header information - headers already sent by (output started at /Applications/MAMP/htdocs/HSWS_FRAME/ThinkPHP/Common/functions.php:850) /Applications/MAMP/htdocs/HSWS_FRAME/ThinkPHP/Library/Think/View.class.php 第 92 行.
NOTIC: [2] Cannot modify header information - headers already sent by (output started at /Applications/MAMP/htdocs/HSWS_FRAME/ThinkPHP/Common/functions.php:850) /Applications/MAMP/htdocs/HSWS_FRAME/ThinkPHP/Library/Think/View.class.php 第 93 行.
INFO: [ app_end ] --START--
INFO: Run Behavior\ShowPageTraceBehavior [ RunTime:0.001085s ]
INFO: [ app_end ] --END-- [ RunTime:0.001260s ]

[ 2015-12-05T01:25:29+08:00 ] ::1 /HSWS_FRAME/index.php?c=advice&a=history
INFO: [ app_init ] --START--
INFO: Run Behavior\BuildLiteBehavior [ RunTime:0.000027s ]
INFO: [ app_init ] --END-- [ RunTime:0.000613s ]
INFO: [ app_begin ] --START--
INFO: Run Behavior\ReadHtmlCacheBehavior [ RunTime:0.000866s ]
INFO: [ app_begin ] --END-- [ RunTime:0.000997s ]
SQL: select * from advice a, reply r where a.adviceId = r.adviceId and a.createdBy=3 order by r.replyId desc limit 5 [ RunTime:0.0009s ]
INFO: [ view_parse ] --START--
INFO: [ template_filter ] --START--
INFO: Run Behavior\ContentReplaceBehavior [ RunTime:0.000147s ]
INFO: [ template_filter ] --END-- [ RunTime:0.000252s ]
INFO: Run Behavior\ParseTemplateBehavior [ RunTime:0.017635s ]
INFO: [ view_parse ] --END-- [ RunTime:0.017732s ]
INFO: [ view_filter ] --START--
INFO: Run Behavior\WriteHtmlCacheBehavior [ RunTime:0.000277s ]
INFO: [ view_filter ] --END-- [ RunTime:0.000345s ]
NOTIC: [2] Cannot modify header information - headers already sent by (output started at /Applications/MAMP/htdocs/HSWS_FRAME/ThinkPHP/Common/functions.php:850) /Applications/MAMP/htdocs/HSWS_FRAME/ThinkPHP/Library/Think/View.class.php 第 91 行.
NOTIC: [2] Cannot modify header information - headers already sent by (output started at /Applications/MAMP/htdocs/HSWS_FRAME/ThinkPHP/Common/functions.php:850) /Applications/MAMP/htdocs/HSWS_FRAME/ThinkPHP/Library/Think/View.class.php 第 92 行.
NOTIC: [2] Cannot modify header information - headers already sent by (output started at /Applications/MAMP/htdocs/HSWS_FRAME/ThinkPHP/Common/functions.php:850) /Applications/MAMP/htdocs/HSWS_FRAME/ThinkPHP/Library/Think/View.class.php 第 93 行.
INFO: [ app_end ] --START--
INFO: Run Behavior\ShowPageTraceBehavior [ RunTime:0.001000s ]
INFO: [ app_end ] --END-- [ RunTime:0.001114s ]

[ 2015-12-05T01:25:36+08:00 ] ::1 /HSWS_FRAME/index.php?c=advice&a=history
INFO: [ app_init ] --START--
INFO: Run Behavior\BuildLiteBehavior [ RunTime:0.000023s ]
INFO: [ app_init ] --END-- [ RunTime:0.000563s ]
INFO: [ app_begin ] --START--
INFO: Run Behavior\ReadHtmlCacheBehavior [ RunTime:0.000745s ]
INFO: [ app_begin ] --END-- [ RunTime:0.000877s ]
SQL: select * from advice a, reply r where a.adviceId = r.adviceId and a.createdBy=3 order by r.replyId desc limit 5 [ RunTime:0.0008s ]
INFO: [ view_parse ] --START--
INFO: [ template_filter ] --START--
INFO: Run Behavior\ContentReplaceBehavior [ RunTime:0.000087s ]
INFO: [ template_filter ] --END-- [ RunTime:0.000190s ]
INFO: Run Behavior\ParseTemplateBehavior [ RunTime:0.016344s ]
INFO: [ view_parse ] --END-- [ RunTime:0.016414s ]
INFO: [ view_filter ] --START--
INFO: Run Behavior\WriteHtmlCacheBehavior [ RunTime:0.000176s ]
INFO: [ view_filter ] --END-- [ RunTime:0.000233s ]
NOTIC: [2] Cannot modify header information - headers already sent by (output started at /Applications/MAMP/htdocs/HSWS_FRAME/ThinkPHP/Common/functions.php:850) /Applications/MAMP/htdocs/HSWS_FRAME/ThinkPHP/Library/Think/View.class.php 第 91 行.
NOTIC: [2] Cannot modify header information - headers already sent by (output started at /Applications/MAMP/htdocs/HSWS_FRAME/ThinkPHP/Common/functions.php:850) /Applications/MAMP/htdocs/HSWS_FRAME/ThinkPHP/Library/Think/View.class.php 第 92 行.
NOTIC: [2] Cannot modify header information - headers already sent by (output started at /Applications/MAMP/htdocs/HSWS_FRAME/ThinkPHP/Common/functions.php:850) /Applications/MAMP/htdocs/HSWS_FRAME/ThinkPHP/Library/Think/View.class.php 第 93 行.
INFO: [ app_end ] --START--
INFO: Run Behavior\ShowPageTraceBehavior [ RunTime:0.000794s ]
INFO: [ app_end ] --END-- [ RunTime:0.000914s ]

[ 2015-12-05T01:25:57+08:00 ] ::1 /HSWS_FRAME/index.php?c=advice&a=history
INFO: [ app_init ] --START--
INFO: Run Behavior\BuildLiteBehavior [ RunTime:0.000018s ]
INFO: [ app_init ] --END-- [ RunTime:0.000389s ]
INFO: [ app_begin ] --START--
INFO: Run Behavior\ReadHtmlCacheBehavior [ RunTime:0.000601s ]
INFO: [ app_begin ] --END-- [ RunTime:0.000742s ]
SQL: select * from advice a, reply r where a.adviceId = r.adviceId and a.createdBy=3 order by r.replyId desc limit 5 [ RunTime:0.0006s ]
INFO: [ view_parse ] --START--
INFO: [ template_filter ] --START--
INFO: Run Behavior\ContentReplaceBehavior [ RunTime:0.000092s ]
INFO: [ template_filter ] --END-- [ RunTime:0.000204s ]
INFO: Run Behavior\ParseTemplateBehavior [ RunTime:0.016519s ]
INFO: [ view_parse ] --END-- [ RunTime:0.016599s ]
INFO: [ view_filter ] --START--
INFO: Run Behavior\WriteHtmlCacheBehavior [ RunTime:0.000182s ]
INFO: [ view_filter ] --END-- [ RunTime:0.000242s ]
NOTIC: [2] Cannot modify header information - headers already sent by (output started at /Applications/MAMP/htdocs/HSWS_FRAME/ThinkPHP/Common/functions.php:850) /Applications/MAMP/htdocs/HSWS_FRAME/ThinkPHP/Library/Think/View.class.php 第 91 行.
NOTIC: [2] Cannot modify header information - headers already sent by (output started at /Applications/MAMP/htdocs/HSWS_FRAME/ThinkPHP/Common/functions.php:850) /Applications/MAMP/htdocs/HSWS_FRAME/ThinkPHP/Library/Think/View.class.php 第 92 行.
NOTIC: [2] Cannot modify header information - headers already sent by (output started at /Applications/MAMP/htdocs/HSWS_FRAME/ThinkPHP/Common/functions.php:850) /Applications/MAMP/htdocs/HSWS_FRAME/ThinkPHP/Library/Think/View.class.php 第 93 行.
INFO: [ app_end ] --START--
INFO: Run Behavior\ShowPageTraceBehavior [ RunTime:0.000788s ]
INFO: [ app_end ] --END-- [ RunTime:0.000874s ]

[ 2015-12-05T01:26:30+08:00 ] ::1 /HSWS_FRAME/index.php?c=advice&a=history
INFO: [ app_init ] --START--
INFO: Run Behavior\BuildLiteBehavior [ RunTime:0.000017s ]
INFO: [ app_init ] --END-- [ RunTime:0.000390s ]
INFO: [ app_begin ] --START--
INFO: Run Behavior\ReadHtmlCacheBehavior [ RunTime:0.000637s ]
INFO: [ app_begin ] --END-- [ RunTime:0.000727s ]
SQL: select * from advice a, reply r where a.adviceId = r.adviceId and a.createdBy=3 order by r.replyId desc limit 5 [ RunTime:0.0007s ]
INFO: [ view_parse ] --START--
INFO: [ template_filter ] --START--
INFO: Run Behavior\ContentReplaceBehavior [ RunTime:0.000082s ]
INFO: [ template_filter ] --END-- [ RunTime:0.000170s ]
INFO: Run Behavior\ParseTemplateBehavior [ RunTime:0.015677s ]
INFO: [ view_parse ] --END-- [ RunTime:0.015781s ]
INFO: [ view_filter ] --START--
INFO: Run Behavior\WriteHtmlCacheBehavior [ RunTime:0.000260s ]
INFO: [ view_filter ] --END-- [ RunTime:0.000342s ]
NOTIC: [2] Cannot modify header information - headers already sent by (output started at /Applications/MAMP/htdocs/HSWS_FRAME/ThinkPHP/Common/functions.php:850) /Applications/MAMP/htdocs/HSWS_FRAME/ThinkPHP/Library/Think/View.class.php 第 91 行.
NOTIC: [2] Cannot modify header information - headers already sent by (output started at /Applications/MAMP/htdocs/HSWS_FRAME/ThinkPHP/Common/functions.php:850) /Applications/MAMP/htdocs/HSWS_FRAME/ThinkPHP/Library/Think/View.class.php 第 92 行.
NOTIC: [2] Cannot modify header information - headers already sent by (output started at /Applications/MAMP/htdocs/HSWS_FRAME/ThinkPHP/Common/functions.php:850) /Applications/MAMP/htdocs/HSWS_FRAME/ThinkPHP/Library/Think/View.class.php 第 93 行.
INFO: [ app_end ] --START--
INFO: Run Behavior\ShowPageTraceBehavior [ RunTime:0.000852s ]
INFO: [ app_end ] --END-- [ RunTime:0.001013s ]

[ 2015-12-05T01:26:41+08:00 ] ::1 /HSWS_FRAME/index.php?c=advice&a=history
INFO: [ app_init ] --START--
INFO: Run Behavior\BuildLiteBehavior [ RunTime:0.000024s ]
INFO: [ app_init ] --END-- [ RunTime:0.000512s ]
INFO: [ app_begin ] --START--
INFO: Run Behavior\ReadHtmlCacheBehavior [ RunTime:0.000588s ]
INFO: [ app_begin ] --END-- [ RunTime:0.000661s ]
SQL: select * from advice a, reply r where a.adviceId = r.adviceId and a.createdBy=3 order by r.replyId desc limit 5 [ RunTime:0.0009s ]
INFO: [ view_parse ] --START--
INFO: [ template_filter ] --START--
INFO: Run Behavior\ContentReplaceBehavior [ RunTime:0.000105s ]
INFO: [ template_filter ] --END-- [ RunTime:0.000193s ]
INFO: Run Behavior\ParseTemplateBehavior [ RunTime:0.015364s ]
INFO: [ view_parse ] --END-- [ RunTime:0.015456s ]
INFO: [ view_filter ] --START--
INFO: Run Behavior\WriteHtmlCacheBehavior [ RunTime:0.000178s ]
INFO: [ view_filter ] --END-- [ RunTime:0.000236s ]
NOTIC: [2] Cannot modify header information - headers already sent by (output started at /Applications/MAMP/htdocs/HSWS_FRAME/ThinkPHP/Common/functions.php:850) /Applications/MAMP/htdocs/HSWS_FRAME/ThinkPHP/Library/Think/View.class.php 第 91 行.
NOTIC: [2] Cannot modify header information - headers already sent by (output started at /Applications/MAMP/htdocs/HSWS_FRAME/ThinkPHP/Common/functions.php:850) /Applications/MAMP/htdocs/HSWS_FRAME/ThinkPHP/Library/Think/View.class.php 第 92 行.
NOTIC: [2] Cannot modify header information - headers already sent by (output started at /Applications/MAMP/htdocs/HSWS_FRAME/ThinkPHP/Common/functions.php:850) /Applications/MAMP/htdocs/HSWS_FRAME/ThinkPHP/Library/Think/View.class.php 第 93 行.
INFO: [ app_end ] --START--
INFO: Run Behavior\ShowPageTraceBehavior [ RunTime:0.000850s ]
INFO: [ app_end ] --END-- [ RunTime:0.000990s ]

[ 2015-12-05T01:27:12+08:00 ] ::1 /HSWS_FRAME/index.php?c=advice&a=history
INFO: [ app_init ] --START--
INFO: Run Behavior\BuildLiteBehavior [ RunTime:0.000021s ]
INFO: [ app_init ] --END-- [ RunTime:0.000496s ]
INFO: [ app_begin ] --START--
INFO: Run Behavior\ReadHtmlCacheBehavior [ RunTime:0.000547s ]
INFO: [ app_begin ] --END-- [ RunTime:0.000617s ]
SQL: select * from advice a, reply r where a.adviceId = r.adviceId and a.createdBy=3 order by r.replyId desc limit 5 [ RunTime:0.0008s ]
INFO: [ view_parse ] --START--
INFO: [ template_filter ] --START--
INFO: Run Behavior\ContentReplaceBehavior [ RunTime:0.000080s ]
INFO: [ template_filter ] --END-- [ RunTime:0.000172s ]
INFO: Run Behavior\ParseTemplateBehavior [ RunTime:0.014095s ]
INFO: [ view_parse ] --END-- [ RunTime:0.014163s ]
INFO: [ view_filter ] --START--
INFO: Run Behavior\WriteHtmlCacheBehavior [ RunTime:0.000174s ]
INFO: [ view_filter ] --END-- [ RunTime:0.000231s ]
NOTIC: [2] Cannot modify header information - headers already sent by (output started at /Applications/MAMP/htdocs/HSWS_FRAME/ThinkPHP/Common/functions.php:850) /Applications/MAMP/htdocs/HSWS_FRAME/ThinkPHP/Library/Think/View.class.php 第 91 行.
NOTIC: [2] Cannot modify header information - headers already sent by (output started at /Applications/MAMP/htdocs/HSWS_FRAME/ThinkPHP/Common/functions.php:850) /Applications/MAMP/htdocs/HSWS_FRAME/ThinkPHP/Library/Think/View.class.php 第 92 行.
NOTIC: [2] Cannot modify header information - headers already sent by (output started at /Applications/MAMP/htdocs/HSWS_FRAME/ThinkPHP/Common/functions.php:850) /Applications/MAMP/htdocs/HSWS_FRAME/ThinkPHP/Library/Think/View.class.php 第 93 行.
INFO: [ app_end ] --START--
INFO: Run Behavior\ShowPageTraceBehavior [ RunTime:0.000815s ]
INFO: [ app_end ] --END-- [ RunTime:0.000946s ]

[ 2015-12-05T01:27:33+08:00 ] ::1 /HSWS_FRAME/index.php?c=advice&a=history
INFO: [ app_init ] --START--
INFO: Run Behavior\BuildLiteBehavior [ RunTime:0.000024s ]
INFO: [ app_init ] --END-- [ RunTime:0.000515s ]
INFO: [ app_begin ] --START--
INFO: Run Behavior\ReadHtmlCacheBehavior [ RunTime:0.000554s ]
INFO: [ app_begin ] --END-- [ RunTime:0.000628s ]
SQL: select * from advice a, reply r where a.adviceId = r.adviceId and a.createdBy=3 order by r.replyId desc limit 5 [ RunTime:0.0010s ]
INFO: [ view_parse ] --START--
INFO: [ template_filter ] --START--
INFO: Run Behavior\ContentReplaceBehavior [ RunTime:0.000178s ]
INFO: [ template_filter ] --END-- [ RunTime:0.000314s ]
INFO: Run Behavior\ParseTemplateBehavior [ RunTime:0.016066s ]
INFO: [ view_parse ] --END-- [ RunTime:0.016184s ]
INFO: [ view_filter ] --START--
INFO: Run Behavior\WriteHtmlCacheBehavior [ RunTime:0.000214s ]
INFO: [ view_filter ] --END-- [ RunTime:0.000278s ]
NOTIC: [2] Cannot modify header information - headers already sent by (output started at /Applications/MAMP/htdocs/HSWS_FRAME/ThinkPHP/Common/functions.php:850) /Applications/MAMP/htdocs/HSWS_FRAME/ThinkPHP/Library/Think/View.class.php 第 91 行.
NOTIC: [2] Cannot modify header information - headers already sent by (output started at /Applications/MAMP/htdocs/HSWS_FRAME/ThinkPHP/Common/functions.php:850) /Applications/MAMP/htdocs/HSWS_FRAME/ThinkPHP/Library/Think/View.class.php 第 92 行.
NOTIC: [2] Cannot modify header information - headers already sent by (output started at /Applications/MAMP/htdocs/HSWS_FRAME/ThinkPHP/Common/functions.php:850) /Applications/MAMP/htdocs/HSWS_FRAME/ThinkPHP/Library/Think/View.class.php 第 93 行.
INFO: [ app_end ] --START--
INFO: Run Behavior\ShowPageTraceBehavior [ RunTime:0.000942s ]
INFO: [ app_end ] --END-- [ RunTime:0.001090s ]

[ 2015-12-05T01:27:51+08:00 ] ::1 /HSWS_FRAME/index.php?c=advice&a=history
INFO: [ app_init ] --START--
INFO: Run Behavior\BuildLiteBehavior [ RunTime:0.000025s ]
INFO: [ app_init ] --END-- [ RunTime:0.000513s ]
INFO: [ app_begin ] --START--
INFO: Run Behavior\ReadHtmlCacheBehavior [ RunTime:0.000555s ]
INFO: [ app_begin ] --END-- [ RunTime:0.000629s ]
SQL: select * from advice a, reply r where a.adviceId = r.adviceId and a.createdBy=3 order by r.replyId desc limit 5 [ RunTime:0.0421s ]
INFO: [ view_parse ] --START--
INFO: [ template_filter ] --START--
INFO: Run Behavior\ContentReplaceBehavior [ RunTime:0.000099s ]
INFO: [ template_filter ] --END-- [ RunTime:0.000184s ]
INFO: Run Behavior\ParseTemplateBehavior [ RunTime:0.016599s ]
INFO: [ view_parse ] --END-- [ RunTime:0.016689s ]
INFO: [ view_filter ] --START--
INFO: Run Behavior\WriteHtmlCacheBehavior [ RunTime:0.000188s ]
INFO: [ view_filter ] --END-- [ RunTime:0.000250s ]
NOTIC: [2] Cannot modify header information - headers already sent by (output started at /Applications/MAMP/htdocs/HSWS_FRAME/ThinkPHP/Common/functions.php:850) /Applications/MAMP/htdocs/HSWS_FRAME/ThinkPHP/Library/Think/View.class.php 第 91 行.
NOTIC: [2] Cannot modify header information - headers already sent by (output started at /Applications/MAMP/htdocs/HSWS_FRAME/ThinkPHP/Common/functions.php:850) /Applications/MAMP/htdocs/HSWS_FRAME/ThinkPHP/Library/Think/View.class.php 第 92 行.
NOTIC: [2] Cannot modify header information - headers already sent by (output started at /Applications/MAMP/htdocs/HSWS_FRAME/ThinkPHP/Common/functions.php:850) /Applications/MAMP/htdocs/HSWS_FRAME/ThinkPHP/Library/Think/View.class.php 第 93 行.
INFO: [ app_end ] --START--
INFO: Run Behavior\ShowPageTraceBehavior [ RunTime:0.001173s ]
INFO: [ app_end ] --END-- [ RunTime:0.001339s ]

[ 2015-12-05T01:28:08+08:00 ] ::1 /HSWS_FRAME/index.php?c=advice&a=history
INFO: [ app_init ] --START--
INFO: Run Behavior\BuildLiteBehavior [ RunTime:0.000024s ]
INFO: [ app_init ] --END-- [ RunTime:0.000507s ]
INFO: [ app_begin ] --START--
INFO: Run Behavior\ReadHtmlCacheBehavior [ RunTime:0.000553s ]
INFO: [ app_begin ] --END-- [ RunTime:0.000626s ]
SQL: select * from advice a, reply r where a.adviceId = r.adviceId and a.createdBy=3 order by r.replyId desc limit 5 [ RunTime:0.0008s ]
INFO: [ view_parse ] --START--
INFO: [ template_filter ] --START--
INFO: Run Behavior\ContentReplaceBehavior [ RunTime:0.000135s ]
INFO: [ template_filter ] --END-- [ RunTime:0.000263s ]
INFO: Run Behavior\ParseTemplateBehavior [ RunTime:0.016406s ]
INFO: [ view_parse ] --END-- [ RunTime:0.016495s ]
INFO: [ view_filter ] --START--
INFO: Run Behavior\WriteHtmlCacheBehavior [ RunTime:0.000353s ]
INFO: [ view_filter ] --END-- [ RunTime:0.000420s ]
NOTIC: [2] Cannot modify header information - headers already sent by (output started at /Applications/MAMP/htdocs/HSWS_FRAME/ThinkPHP/Common/functions.php:850) /Applications/MAMP/htdocs/HSWS_FRAME/ThinkPHP/Library/Think/View.class.php 第 91 行.
NOTIC: [2] Cannot modify header information - headers already sent by (output started at /Applications/MAMP/htdocs/HSWS_FRAME/ThinkPHP/Common/functions.php:850) /Applications/MAMP/htdocs/HSWS_FRAME/ThinkPHP/Library/Think/View.class.php 第 92 行.
NOTIC: [2] Cannot modify header information - headers already sent by (output started at /Applications/MAMP/htdocs/HSWS_FRAME/ThinkPHP/Common/functions.php:850) /Applications/MAMP/htdocs/HSWS_FRAME/ThinkPHP/Library/Think/View.class.php 第 93 行.
INFO: [ app_end ] --START--
INFO: Run Behavior\ShowPageTraceBehavior [ RunTime:0.000863s ]
INFO: [ app_end ] --END-- [ RunTime:0.001000s ]

[ 2015-12-05T01:28:39+08:00 ] ::1 /HSWS_FRAME/index.php?c=advice&a=history
INFO: [ app_init ] --START--
INFO: Run Behavior\BuildLiteBehavior [ RunTime:0.000025s ]
INFO: [ app_init ] --END-- [ RunTime:0.000513s ]
INFO: [ app_begin ] --START--
INFO: Run Behavior\ReadHtmlCacheBehavior [ RunTime:0.000610s ]
INFO: [ app_begin ] --END-- [ RunTime:0.000683s ]
SQL: select * from advice a, reply r where a.adviceId = r.adviceId and a.createdBy=3 order by r.replyId desc limit 5 [ RunTime:0.0009s ]
INFO: [ view_parse ] --START--
INFO: [ template_filter ] --START--
INFO: Run Behavior\ContentReplaceBehavior [ RunTime:0.000126s ]
INFO: [ template_filter ] --END-- [ RunTime:0.000236s ]
INFO: Run Behavior\ParseTemplateBehavior [ RunTime:0.017142s ]
INFO: [ view_parse ] --END-- [ RunTime:0.017308s ]
INFO: [ view_filter ] --START--
INFO: Run Behavior\WriteHtmlCacheBehavior [ RunTime:0.000295s ]
INFO: [ view_filter ] --END-- [ RunTime:0.000368s ]
NOTIC: [2] Cannot modify header information - headers already sent by (output started at /Applications/MAMP/htdocs/HSWS_FRAME/ThinkPHP/Common/functions.php:850) /Applications/MAMP/htdocs/HSWS_FRAME/ThinkPHP/Library/Think/View.class.php 第 91 行.
NOTIC: [2] Cannot modify header information - headers already sent by (output started at /Applications/MAMP/htdocs/HSWS_FRAME/ThinkPHP/Common/functions.php:850) /Applications/MAMP/htdocs/HSWS_FRAME/ThinkPHP/Library/Think/View.class.php 第 92 行.
NOTIC: [2] Cannot modify header information - headers already sent by (output started at /Applications/MAMP/htdocs/HSWS_FRAME/ThinkPHP/Common/functions.php:850) /Applications/MAMP/htdocs/HSWS_FRAME/ThinkPHP/Library/Think/View.class.php 第 93 行.
INFO: [ app_end ] --START--
INFO: Run Behavior\ShowPageTraceBehavior [ RunTime:0.000969s ]
INFO: [ app_end ] --END-- [ RunTime:0.001142s ]

[ 2015-12-05T01:28:42+08:00 ] ::1 /HSWS_FRAME/index.php?c=advice&a=history
INFO: [ app_init ] --START--
INFO: Run Behavior\BuildLiteBehavior [ RunTime:0.000021s ]
INFO: [ app_init ] --END-- [ RunTime:0.000500s ]
INFO: [ app_begin ] --START--
INFO: Run Behavior\ReadHtmlCacheBehavior [ RunTime:0.000540s ]
INFO: [ app_begin ] --END-- [ RunTime:0.000611s ]
SQL: select * from advice a, reply r where a.adviceId = r.adviceId and a.createdBy=3 order by r.replyId desc limit 5 [ RunTime:0.0007s ]
INFO: [ view_parse ] --START--
INFO: [ template_filter ] --START--
INFO: Run Behavior\ContentReplaceBehavior [ RunTime:0.000123s ]
INFO: [ template_filter ] --END-- [ RunTime:0.000262s ]
INFO: Run Behavior\ParseTemplateBehavior [ RunTime:0.024260s ]
INFO: [ view_parse ] --END-- [ RunTime:0.024385s ]
INFO: [ view_filter ] --START--
INFO: Run Behavior\WriteHtmlCacheBehavior [ RunTime:0.000374s ]
INFO: [ view_filter ] --END-- [ RunTime:0.000483s ]
NOTIC: [2] Cannot modify header information - headers already sent by (output started at /Applications/MAMP/htdocs/HSWS_FRAME/ThinkPHP/Common/functions.php:850) /Applications/MAMP/htdocs/HSWS_FRAME/ThinkPHP/Library/Think/View.class.php 第 91 行.
NOTIC: [2] Cannot modify header information - headers already sent by (output started at /Applications/MAMP/htdocs/HSWS_FRAME/ThinkPHP/Common/functions.php:850) /Applications/MAMP/htdocs/HSWS_FRAME/ThinkPHP/Library/Think/View.class.php 第 92 行.
NOTIC: [2] Cannot modify header information - headers already sent by (output started at /Applications/MAMP/htdocs/HSWS_FRAME/ThinkPHP/Common/functions.php:850) /Applications/MAMP/htdocs/HSWS_FRAME/ThinkPHP/Library/Think/View.class.php 第 93 行.
INFO: [ app_end ] --START--
INFO: Run Behavior\ShowPageTraceBehavior [ RunTime:0.001126s ]
INFO: [ app_end ] --END-- [ RunTime:0.001274s ]

