[ 2015-12-02T00:26:01+08:00 ] ::1 /HSWS_FRAME/index.php
INFO: [ app_init ] --START--
INFO: Run Behavior\BuildLiteBehavior [ RunTime:0.000033s ]
INFO: [ app_init ] --END-- [ RunTime:0.001185s ]
INFO: [ app_begin ] --START--
INFO: Run Behavior\ReadHtmlCacheBehavior [ RunTime:0.001252s ]
INFO: [ app_begin ] --END-- [ RunTime:0.001422s ]
SQL: PRAGMA table_info( user ) [ RunTime:0.0610s ]
NOTIC: [8] Undefined index: field /Applications/MAMP/htdocs/HSWS_FRAME/ThinkPHP/Library/Think/Db/Driver/Sqlite.class.php 第 42 行.
NOTIC: [8] Undefined index: field /Applications/MAMP/htdocs/HSWS_FRAME/ThinkPHP/Library/Think/Db/Driver/Sqlite.class.php 第 43 行.
NOTIC: [8] Undefined index: null /Applications/MAMP/htdocs/HSWS_FRAME/ThinkPHP/Library/Think/Db/Driver/Sqlite.class.php 第 45 行.
NOTIC: [8] Undefined index: default /Applications/MAMP/htdocs/HSWS_FRAME/ThinkPHP/Library/Think/Db/Driver/Sqlite.class.php 第 46 行.
NOTIC: [8] Undefined index: dey /Applications/MAMP/htdocs/HSWS_FRAME/ThinkPHP/Library/Think/Db/Driver/Sqlite.class.php 第 47 行.
NOTIC: [8] Undefined index: extra /Applications/MAMP/htdocs/HSWS_FRAME/ThinkPHP/Library/Think/Db/Driver/Sqlite.class.php 第 48 行.
NOTIC: [8] Undefined index: field /Applications/MAMP/htdocs/HSWS_FRAME/ThinkPHP/Library/Think/Db/Driver/Sqlite.class.php 第 42 行.
NOTIC: [8] Undefined index: field /Applications/MAMP/htdocs/HSWS_FRAME/ThinkPHP/Library/Think/Db/Driver/Sqlite.class.php 第 43 行.
NOTIC: [8] Undefined index: null /Applications/MAMP/htdocs/HSWS_FRAME/ThinkPHP/Library/Think/Db/Driver/Sqlite.class.php 第 45 行.
NOTIC: [8] Undefined index: default /Applications/MAMP/htdocs/HSWS_FRAME/ThinkPHP/Library/Think/Db/Driver/Sqlite.class.php 第 46 行.
NOTIC: [8] Undefined index: dey /Applications/MAMP/htdocs/HSWS_FRAME/ThinkPHP/Library/Think/Db/Driver/Sqlite.class.php 第 47 行.
NOTIC: [8] Undefined index: extra /Applications/MAMP/htdocs/HSWS_FRAME/ThinkPHP/Library/Think/Db/Driver/Sqlite.class.php 第 48 行.
NOTIC: [8] Undefined index: field /Applications/MAMP/htdocs/HSWS_FRAME/ThinkPHP/Library/Think/Db/Driver/Sqlite.class.php 第 42 行.
NOTIC: [8] Undefined index: field /Applications/MAMP/htdocs/HSWS_FRAME/ThinkPHP/Library/Think/Db/Driver/Sqlite.class.php 第 43 行.
NOTIC: [8] Undefined index: null /Applications/MAMP/htdocs/HSWS_FRAME/ThinkPHP/Library/Think/Db/Driver/Sqlite.class.php 第 45 行.
NOTIC: [8] Undefined index: default /Applications/MAMP/htdocs/HSWS_FRAME/ThinkPHP/Library/Think/Db/Driver/Sqlite.class.php 第 46 行.
NOTIC: [8] Undefined index: dey /Applications/MAMP/htdocs/HSWS_FRAME/ThinkPHP/Library/Think/Db/Driver/Sqlite.class.php 第 47 行.
NOTIC: [8] Undefined index: extra /Applications/MAMP/htdocs/HSWS_FRAME/ThinkPHP/Library/Think/Db/Driver/Sqlite.class.php 第 48 行.
NOTIC: [8] Undefined index: field /Applications/MAMP/htdocs/HSWS_FRAME/ThinkPHP/Library/Think/Db/Driver/Sqlite.class.php 第 42 行.
NOTIC: [8] Undefined index: field /Applications/MAMP/htdocs/HSWS_FRAME/ThinkPHP/Library/Think/Db/Driver/Sqlite.class.php 第 43 行.
NOTIC: [8] Undefined index: null /Applications/MAMP/htdocs/HSWS_FRAME/ThinkPHP/Library/Think/Db/Driver/Sqlite.class.php 第 45 行.
NOTIC: [8] Undefined index: default /Applications/MAMP/htdocs/HSWS_FRAME/ThinkPHP/Library/Think/Db/Driver/Sqlite.class.php 第 46 行.
NOTIC: [8] Undefined index: dey /Applications/MAMP/htdocs/HSWS_FRAME/ThinkPHP/Library/Think/Db/Driver/Sqlite.class.php 第 47 行.
NOTIC: [8] Undefined index: extra /Applications/MAMP/htdocs/HSWS_FRAME/ThinkPHP/Library/Think/Db/Driver/Sqlite.class.php 第 48 行.
NOTIC: [8] Undefined index: field /Applications/MAMP/htdocs/HSWS_FRAME/ThinkPHP/Library/Think/Db/Driver/Sqlite.class.php 第 42 行.
NOTIC: [8] Undefined index: field /Applications/MAMP/htdocs/HSWS_FRAME/ThinkPHP/Library/Think/Db/Driver/Sqlite.class.php 第 43 行.
NOTIC: [8] Undefined index: null /Applications/MAMP/htdocs/HSWS_FRAME/ThinkPHP/Library/Think/Db/Driver/Sqlite.class.php 第 45 行.
NOTIC: [8] Undefined index: default /Applications/MAMP/htdocs/HSWS_FRAME/ThinkPHP/Library/Think/Db/Driver/Sqlite.class.php 第 46 行.
NOTIC: [8] Undefined index: dey /Applications/MAMP/htdocs/HSWS_FRAME/ThinkPHP/Library/Think/Db/Driver/Sqlite.class.php 第 47 行.
NOTIC: [8] Undefined index: extra /Applications/MAMP/htdocs/HSWS_FRAME/ThinkPHP/Library/Think/Db/Driver/Sqlite.class.php 第 48 行.
NOTIC: [8] Undefined index: field /Applications/MAMP/htdocs/HSWS_FRAME/ThinkPHP/Library/Think/Db/Driver/Sqlite.class.php 第 42 行.
NOTIC: [8] Undefined index: field /Applications/MAMP/htdocs/HSWS_FRAME/ThinkPHP/Library/Think/Db/Driver/Sqlite.class.php 第 43 行.
NOTIC: [8] Undefined index: null /Applications/MAMP/htdocs/HSWS_FRAME/ThinkPHP/Library/Think/Db/Driver/Sqlite.class.php 第 45 行.
NOTIC: [8] Undefined index: default /Applications/MAMP/htdocs/HSWS_FRAME/ThinkPHP/Library/Think/Db/Driver/Sqlite.class.php 第 46 行.
NOTIC: [8] Undefined index: dey /Applications/MAMP/htdocs/HSWS_FRAME/ThinkPHP/Library/Think/Db/Driver/Sqlite.class.php 第 47 行.
NOTIC: [8] Undefined index: extra /Applications/MAMP/htdocs/HSWS_FRAME/ThinkPHP/Library/Think/Db/Driver/Sqlite.class.php 第 48 行.
NOTIC: [8] Undefined index: field /Applications/MAMP/htdocs/HSWS_FRAME/ThinkPHP/Library/Think/Db/Driver/Sqlite.class.php 第 42 行.
NOTIC: [8] Undefined index: field /Applications/MAMP/htdocs/HSWS_FRAME/ThinkPHP/Library/Think/Db/Driver/Sqlite.class.php 第 43 行.
NOTIC: [8] Undefined index: null /Applications/MAMP/htdocs/HSWS_FRAME/ThinkPHP/Library/Think/Db/Driver/Sqlite.class.php 第 45 行.
NOTIC: [8] Undefined index: default /Applications/MAMP/htdocs/HSWS_FRAME/ThinkPHP/Library/Think/Db/Driver/Sqlite.class.php 第 46 行.
NOTIC: [8] Undefined index: dey /Applications/MAMP/htdocs/HSWS_FRAME/ThinkPHP/Library/Think/Db/Driver/Sqlite.class.php 第 47 行.
NOTIC: [8] Undefined index: extra /Applications/MAMP/htdocs/HSWS_FRAME/ThinkPHP/Library/Think/Db/Driver/Sqlite.class.php 第 48 行.
NOTIC: [8] Undefined index: field /Applications/MAMP/htdocs/HSWS_FRAME/ThinkPHP/Library/Think/Db/Driver/Sqlite.class.php 第 42 行.
NOTIC: [8] Undefined index: field /Applications/MAMP/htdocs/HSWS_FRAME/ThinkPHP/Library/Think/Db/Driver/Sqlite.class.php 第 43 行.
NOTIC: [8] Undefined index: null /Applications/MAMP/htdocs/HSWS_FRAME/ThinkPHP/Library/Think/Db/Driver/Sqlite.class.php 第 45 行.
NOTIC: [8] Undefined index: default /Applications/MAMP/htdocs/HSWS_FRAME/ThinkPHP/Library/Think/Db/Driver/Sqlite.class.php 第 46 行.
NOTIC: [8] Undefined index: dey /Applications/MAMP/htdocs/HSWS_FRAME/ThinkPHP/Library/Think/Db/Driver/Sqlite.class.php 第 47 行.
NOTIC: [8] Undefined index: extra /Applications/MAMP/htdocs/HSWS_FRAME/ThinkPHP/Library/Think/Db/Driver/Sqlite.class.php 第 48 行.
NOTIC: [8] Undefined index: field /Applications/MAMP/htdocs/HSWS_FRAME/ThinkPHP/Library/Think/Db/Driver/Sqlite.class.php 第 42 行.
NOTIC: [8] Undefined index: field /Applications/MAMP/htdocs/HSWS_FRAME/ThinkPHP/Library/Think/Db/Driver/Sqlite.class.php 第 43 行.
NOTIC: [8] Undefined index: null /Applications/MAMP/htdocs/HSWS_FRAME/ThinkPHP/Library/Think/Db/Driver/Sqlite.class.php 第 45 行.
NOTIC: [8] Undefined index: default /Applications/MAMP/htdocs/HSWS_FRAME/ThinkPHP/Library/Think/Db/Driver/Sqlite.class.php 第 46 行.
NOTIC: [8] Undefined index: dey /Applications/MAMP/htdocs/HSWS_FRAME/ThinkPHP/Library/Think/Db/Driver/Sqlite.class.php 第 47 行.
NOTIC: [8] Undefined index: extra /Applications/MAMP/htdocs/HSWS_FRAME/ThinkPHP/Library/Think/Db/Driver/Sqlite.class.php 第 48 行.
NOTIC: [8] Undefined index: field /Applications/MAMP/htdocs/HSWS_FRAME/ThinkPHP/Library/Think/Db/Driver/Sqlite.class.php 第 42 行.
NOTIC: [8] Undefined index: field /Applications/MAMP/htdocs/HSWS_FRAME/ThinkPHP/Library/Think/Db/Driver/Sqlite.class.php 第 43 行.
NOTIC: [8] Undefined index: null /Applications/MAMP/htdocs/HSWS_FRAME/ThinkPHP/Library/Think/Db/Driver/Sqlite.class.php 第 45 行.
NOTIC: [8] Undefined index: default /Applications/MAMP/htdocs/HSWS_FRAME/ThinkPHP/Library/Think/Db/Driver/Sqlite.class.php 第 46 行.
NOTIC: [8] Undefined index: dey /Applications/MAMP/htdocs/HSWS_FRAME/ThinkPHP/Library/Think/Db/Driver/Sqlite.class.php 第 47 行.
NOTIC: [8] Undefined index: extra /Applications/MAMP/htdocs/HSWS_FRAME/ThinkPHP/Library/Think/Db/Driver/Sqlite.class.php 第 48 行.
NOTIC: [8] Undefined index: field /Applications/MAMP/htdocs/HSWS_FRAME/ThinkPHP/Library/Think/Db/Driver/Sqlite.class.php 第 42 行.
NOTIC: [8] Undefined index: field /Applications/MAMP/htdocs/HSWS_FRAME/ThinkPHP/Library/Think/Db/Driver/Sqlite.class.php 第 43 行.
NOTIC: [8] Undefined index: null /Applications/MAMP/htdocs/HSWS_FRAME/ThinkPHP/Library/Think/Db/Driver/Sqlite.class.php 第 45 行.
NOTIC: [8] Undefined index: default /Applications/MAMP/htdocs/HSWS_FRAME/ThinkPHP/Library/Think/Db/Driver/Sqlite.class.php 第 46 行.
NOTIC: [8] Undefined index: dey /Applications/MAMP/htdocs/HSWS_FRAME/ThinkPHP/Library/Think/Db/Driver/Sqlite.class.php 第 47 行.
NOTIC: [8] Undefined index: extra /Applications/MAMP/htdocs/HSWS_FRAME/ThinkPHP/Library/Think/Db/Driver/Sqlite.class.php 第 48 行.
SQL: SELECT * FROM user LIMIT 1   [ RunTime:0.0002s ]
ERR: 模板不存在:./Application/Home/View/Index/index.html
NOTIC: [2] Cannot modify header information - headers already sent by (output started at /Applications/MAMP/htdocs/HSWS_FRAME/ThinkPHP/Common/functions.php:850) /Applications/MAMP/htdocs/HSWS_FRAME/ThinkPHP/Library/Think/Think.class.php 第 229 行.
NOTIC: [2] Cannot modify header information - headers already sent by (output started at /Applications/MAMP/htdocs/HSWS_FRAME/ThinkPHP/Common/functions.php:850) /Applications/MAMP/htdocs/HSWS_FRAME/ThinkPHP/Library/Think/Think.class.php 第 230 行.

[ 2015-12-02T00:26:10+08:00 ] ::1 /HSWS_FRAME/index.php?c=login&a=login
INFO: [ app_init ] --START--
INFO: Run Behavior\BuildLiteBehavior [ RunTime:0.000020s ]
INFO: [ app_init ] --END-- [ RunTime:0.000621s ]
INFO: [ app_begin ] --START--
INFO: Run Behavior\ReadHtmlCacheBehavior [ RunTime:0.000655s ]
INFO: [ app_begin ] --END-- [ RunTime:0.000743s ]
INFO: [ view_parse ] --START--
INFO: [ template_filter ] --START--
INFO: Run Behavior\ContentReplaceBehavior [ RunTime:0.000161s ]
INFO: [ template_filter ] --END-- [ RunTime:0.000307s ]
INFO: Run Behavior\ParseTemplateBehavior [ RunTime:0.156314s ]
INFO: [ view_parse ] --END-- [ RunTime:0.156510s ]
INFO: [ view_filter ] --START--
INFO: Run Behavior\WriteHtmlCacheBehavior [ RunTime:0.012163s ]
INFO: [ view_filter ] --END-- [ RunTime:0.012300s ]
INFO: [ app_end ] --START--
INFO: Run Behavior\ShowPageTraceBehavior [ RunTime:0.001344s ]
INFO: [ app_end ] --END-- [ RunTime:0.001469s ]

[ 2015-12-02T00:26:12+08:00 ] 127.0.0.1 /HSWS_FRAME/index.php?c=login&a=login
INFO: [ app_init ] --START--
INFO: Run Behavior\BuildLiteBehavior [ RunTime:0.000020s ]
INFO: [ app_init ] --END-- [ RunTime:0.000588s ]
INFO: [ app_begin ] --START--
INFO: Run Behavior\ReadHtmlCacheBehavior [ RunTime:0.000743s ]
INFO: [ app_begin ] --END-- [ RunTime:0.000849s ]
INFO: [ view_parse ] --START--
INFO: [ template_filter ] --START--
INFO: Run Behavior\ContentReplaceBehavior [ RunTime:0.000107s ]
INFO: [ template_filter ] --END-- [ RunTime:0.000219s ]
INFO: Run Behavior\ParseTemplateBehavior [ RunTime:0.009273s ]
INFO: [ view_parse ] --END-- [ RunTime:0.009357s ]
INFO: [ view_filter ] --START--
INFO: Run Behavior\WriteHtmlCacheBehavior [ RunTime:0.000194s ]
INFO: [ view_filter ] --END-- [ RunTime:0.000252s ]
INFO: [ app_end ] --START--
INFO: Run Behavior\ShowPageTraceBehavior [ RunTime:0.000762s ]
INFO: [ app_end ] --END-- [ RunTime:0.000874s ]

[ 2015-12-02T00:26:14+08:00 ] 127.0.0.1 /HSWS_FRAME/index.php?c=login&a=login
INFO: [ app_init ] --START--
INFO: Run Behavior\BuildLiteBehavior [ RunTime:0.000021s ]
INFO: [ app_init ] --END-- [ RunTime:0.000600s ]
INFO: [ app_begin ] --START--
INFO: Run Behavior\ReadHtmlCacheBehavior [ RunTime:0.000765s ]
INFO: [ app_begin ] --END-- [ RunTime:0.000881s ]
INFO: [ view_parse ] --START--
INFO: [ template_filter ] --START--
INFO: Run Behavior\ContentReplaceBehavior [ RunTime:0.000095s ]
INFO: [ template_filter ] --END-- [ RunTime:0.000194s ]
INFO: Run Behavior\ParseTemplateBehavior [ RunTime:0.010914s ]
INFO: [ view_parse ] --END-- [ RunTime:0.011037s ]
INFO: [ view_filter ] --START--
INFO: Run Behavior\WriteHtmlCacheBehavior [ RunTime:0.000206s ]
INFO: [ view_filter ] --END-- [ RunTime:0.000272s ]
INFO: [ app_end ] --START--
INFO: Run Behavior\ShowPageTraceBehavior [ RunTime:0.000657s ]
INFO: [ app_end ] --END-- [ RunTime:0.000730s ]

[ 2015-12-02T00:26:56+08:00 ] 127.0.0.1 /HSWS_FRAME/index.php?c=login&a=login
INFO: [ app_init ] --START--
INFO: Run Behavior\BuildLiteBehavior [ RunTime:0.000030s ]
INFO: [ app_init ] --END-- [ RunTime:0.001505s ]
INFO: [ app_begin ] --START--
INFO: Run Behavior\ReadHtmlCacheBehavior [ RunTime:0.001350s ]
INFO: [ app_begin ] --END-- [ RunTime:0.001532s ]
INFO: [ view_parse ] --START--
INFO: [ template_filter ] --START--
INFO: Run Behavior\ContentReplaceBehavior [ RunTime:0.000107s ]
INFO: [ template_filter ] --END-- [ RunTime:0.000217s ]
INFO: Run Behavior\ParseTemplateBehavior [ RunTime:0.012932s ]
INFO: [ view_parse ] --END-- [ RunTime:0.013039s ]
INFO: [ view_filter ] --START--
INFO: Run Behavior\WriteHtmlCacheBehavior [ RunTime:0.000933s ]
INFO: [ view_filter ] --END-- [ RunTime:0.001047s ]
INFO: [ app_end ] --START--
INFO: Run Behavior\ShowPageTraceBehavior [ RunTime:0.001102s ]
INFO: [ app_end ] --END-- [ RunTime:0.001203s ]

[ 2015-12-02T00:27:54+08:00 ] 127.0.0.1 /HSWS_FRAME/index.php?c=login&a=login
INFO: [ app_init ] --START--
INFO: Run Behavior\BuildLiteBehavior [ RunTime:0.000025s ]
INFO: [ app_init ] --END-- [ RunTime:0.000905s ]
INFO: [ app_begin ] --START--
INFO: Run Behavior\ReadHtmlCacheBehavior [ RunTime:0.001461s ]
INFO: [ app_begin ] --END-- [ RunTime:0.001621s ]
INFO: [ view_parse ] --START--
INFO: [ template_filter ] --START--
INFO: Run Behavior\ContentReplaceBehavior [ RunTime:0.000100s ]
INFO: [ template_filter ] --END-- [ RunTime:0.000211s ]
INFO: Run Behavior\ParseTemplateBehavior [ RunTime:0.012576s ]
INFO: [ view_parse ] --END-- [ RunTime:0.012747s ]
INFO: [ view_filter ] --START--
INFO: Run Behavior\WriteHtmlCacheBehavior [ RunTime:0.000909s ]
INFO: [ view_filter ] --END-- [ RunTime:0.001026s ]
INFO: [ app_end ] --START--
INFO: Run Behavior\ShowPageTraceBehavior [ RunTime:0.001000s ]
INFO: [ app_end ] --END-- [ RunTime:0.001155s ]

[ 2015-12-02T00:29:17+08:00 ] 127.0.0.1 /HSWS_FRAME/index.php?c=login&a=login
INFO: [ app_init ] --START--
INFO: Run Behavior\BuildLiteBehavior [ RunTime:0.000032s ]
INFO: [ app_init ] --END-- [ RunTime:0.039679s ]
INFO: [ app_begin ] --START--
INFO: Run Behavior\ReadHtmlCacheBehavior [ RunTime:0.016438s ]
INFO: [ app_begin ] --END-- [ RunTime:0.016629s ]
SQL: PRAGMA table_info( user ) [ RunTime:0.0238s ]
NOTIC: [8] Undefined index: field /Applications/MAMP/htdocs/HSWS_FRAME/ThinkPHP/Library/Think/Db/Driver/Sqlite.class.php 第 42 行.
NOTIC: [8] Undefined index: field /Applications/MAMP/htdocs/HSWS_FRAME/ThinkPHP/Library/Think/Db/Driver/Sqlite.class.php 第 43 行.
NOTIC: [8] Undefined index: null /Applications/MAMP/htdocs/HSWS_FRAME/ThinkPHP/Library/Think/Db/Driver/Sqlite.class.php 第 45 行.
NOTIC: [8] Undefined index: default /Applications/MAMP/htdocs/HSWS_FRAME/ThinkPHP/Library/Think/Db/Driver/Sqlite.class.php 第 46 行.
NOTIC: [8] Undefined index: dey /Applications/MAMP/htdocs/HSWS_FRAME/ThinkPHP/Library/Think/Db/Driver/Sqlite.class.php 第 47 行.
NOTIC: [8] Undefined index: extra /Applications/MAMP/htdocs/HSWS_FRAME/ThinkPHP/Library/Think/Db/Driver/Sqlite.class.php 第 48 行.
NOTIC: [8] Undefined index: field /Applications/MAMP/htdocs/HSWS_FRAME/ThinkPHP/Library/Think/Db/Driver/Sqlite.class.php 第 42 行.
NOTIC: [8] Undefined index: field /Applications/MAMP/htdocs/HSWS_FRAME/ThinkPHP/Library/Think/Db/Driver/Sqlite.class.php 第 43 行.
NOTIC: [8] Undefined index: null /Applications/MAMP/htdocs/HSWS_FRAME/ThinkPHP/Library/Think/Db/Driver/Sqlite.class.php 第 45 行.
NOTIC: [8] Undefined index: default /Applications/MAMP/htdocs/HSWS_FRAME/ThinkPHP/Library/Think/Db/Driver/Sqlite.class.php 第 46 行.
NOTIC: [8] Undefined index: dey /Applications/MAMP/htdocs/HSWS_FRAME/ThinkPHP/Library/Think/Db/Driver/Sqlite.class.php 第 47 行.
NOTIC: [8] Undefined index: extra /Applications/MAMP/htdocs/HSWS_FRAME/ThinkPHP/Library/Think/Db/Driver/Sqlite.class.php 第 48 行.
NOTIC: [8] Undefined index: field /Applications/MAMP/htdocs/HSWS_FRAME/ThinkPHP/Library/Think/Db/Driver/Sqlite.class.php 第 42 行.
NOTIC: [8] Undefined index: field /Applications/MAMP/htdocs/HSWS_FRAME/ThinkPHP/Library/Think/Db/Driver/Sqlite.class.php 第 43 行.
NOTIC: [8] Undefined index: null /Applications/MAMP/htdocs/HSWS_FRAME/ThinkPHP/Library/Think/Db/Driver/Sqlite.class.php 第 45 行.
NOTIC: [8] Undefined index: default /Applications/MAMP/htdocs/HSWS_FRAME/ThinkPHP/Library/Think/Db/Driver/Sqlite.class.php 第 46 行.
NOTIC: [8] Undefined index: dey /Applications/MAMP/htdocs/HSWS_FRAME/ThinkPHP/Library/Think/Db/Driver/Sqlite.class.php 第 47 行.
NOTIC: [8] Undefined index: extra /Applications/MAMP/htdocs/HSWS_FRAME/ThinkPHP/Library/Think/Db/Driver/Sqlite.class.php 第 48 行.
NOTIC: [8] Undefined index: field /Applications/MAMP/htdocs/HSWS_FRAME/ThinkPHP/Library/Think/Db/Driver/Sqlite.class.php 第 42 行.
NOTIC: [8] Undefined index: field /Applications/MAMP/htdocs/HSWS_FRAME/ThinkPHP/Library/Think/Db/Driver/Sqlite.class.php 第 43 行.
NOTIC: [8] Undefined index: null /Applications/MAMP/htdocs/HSWS_FRAME/ThinkPHP/Library/Think/Db/Driver/Sqlite.class.php 第 45 行.
NOTIC: [8] Undefined index: default /Applications/MAMP/htdocs/HSWS_FRAME/ThinkPHP/Library/Think/Db/Driver/Sqlite.class.php 第 46 行.
NOTIC: [8] Undefined index: dey /Applications/MAMP/htdocs/HSWS_FRAME/ThinkPHP/Library/Think/Db/Driver/Sqlite.class.php 第 47 行.
NOTIC: [8] Undefined index: extra /Applications/MAMP/htdocs/HSWS_FRAME/ThinkPHP/Library/Think/Db/Driver/Sqlite.class.php 第 48 行.
NOTIC: [8] Undefined index: field /Applications/MAMP/htdocs/HSWS_FRAME/ThinkPHP/Library/Think/Db/Driver/Sqlite.class.php 第 42 行.
NOTIC: [8] Undefined index: field /Applications/MAMP/htdocs/HSWS_FRAME/ThinkPHP/Library/Think/Db/Driver/Sqlite.class.php 第 43 行.
NOTIC: [8] Undefined index: null /Applications/MAMP/htdocs/HSWS_FRAME/ThinkPHP/Library/Think/Db/Driver/Sqlite.class.php 第 45 行.
NOTIC: [8] Undefined index: default /Applications/MAMP/htdocs/HSWS_FRAME/ThinkPHP/Library/Think/Db/Driver/Sqlite.class.php 第 46 行.
NOTIC: [8] Undefined index: dey /Applications/MAMP/htdocs/HSWS_FRAME/ThinkPHP/Library/Think/Db/Driver/Sqlite.class.php 第 47 行.
NOTIC: [8] Undefined index: extra /Applications/MAMP/htdocs/HSWS_FRAME/ThinkPHP/Library/Think/Db/Driver/Sqlite.class.php 第 48 行.
NOTIC: [8] Undefined index: field /Applications/MAMP/htdocs/HSWS_FRAME/ThinkPHP/Library/Think/Db/Driver/Sqlite.class.php 第 42 行.
NOTIC: [8] Undefined index: field /Applications/MAMP/htdocs/HSWS_FRAME/ThinkPHP/Library/Think/Db/Driver/Sqlite.class.php 第 43 行.
NOTIC: [8] Undefined index: null /Applications/MAMP/htdocs/HSWS_FRAME/ThinkPHP/Library/Think/Db/Driver/Sqlite.class.php 第 45 行.
NOTIC: [8] Undefined index: default /Applications/MAMP/htdocs/HSWS_FRAME/ThinkPHP/Library/Think/Db/Driver/Sqlite.class.php 第 46 行.
NOTIC: [8] Undefined index: dey /Applications/MAMP/htdocs/HSWS_FRAME/ThinkPHP/Library/Think/Db/Driver/Sqlite.class.php 第 47 行.
NOTIC: [8] Undefined index: extra /Applications/MAMP/htdocs/HSWS_FRAME/ThinkPHP/Library/Think/Db/Driver/Sqlite.class.php 第 48 行.
NOTIC: [8] Undefined index: field /Applications/MAMP/htdocs/HSWS_FRAME/ThinkPHP/Library/Think/Db/Driver/Sqlite.class.php 第 42 行.
NOTIC: [8] Undefined index: field /Applications/MAMP/htdocs/HSWS_FRAME/ThinkPHP/Library/Think/Db/Driver/Sqlite.class.php 第 43 行.
NOTIC: [8] Undefined index: null /Applications/MAMP/htdocs/HSWS_FRAME/ThinkPHP/Library/Think/Db/Driver/Sqlite.class.php 第 45 行.
NOTIC: [8] Undefined index: default /Applications/MAMP/htdocs/HSWS_FRAME/ThinkPHP/Library/Think/Db/Driver/Sqlite.class.php 第 46 行.
NOTIC: [8] Undefined index: dey /Applications/MAMP/htdocs/HSWS_FRAME/ThinkPHP/Library/Think/Db/Driver/Sqlite.class.php 第 47 行.
NOTIC: [8] Undefined index: extra /Applications/MAMP/htdocs/HSWS_FRAME/ThinkPHP/Library/Think/Db/Driver/Sqlite.class.php 第 48 行.
NOTIC: [8] Undefined index: field /Applications/MAMP/htdocs/HSWS_FRAME/ThinkPHP/Library/Think/Db/Driver/Sqlite.class.php 第 42 行.
NOTIC: [8] Undefined index: field /Applications/MAMP/htdocs/HSWS_FRAME/ThinkPHP/Library/Think/Db/Driver/Sqlite.class.php 第 43 行.
NOTIC: [8] Undefined index: null /Applications/MAMP/htdocs/HSWS_FRAME/ThinkPHP/Library/Think/Db/Driver/Sqlite.class.php 第 45 行.
NOTIC: [8] Undefined index: default /Applications/MAMP/htdocs/HSWS_FRAME/ThinkPHP/Library/Think/Db/Driver/Sqlite.class.php 第 46 行.
NOTIC: [8] Undefined index: dey /Applications/MAMP/htdocs/HSWS_FRAME/ThinkPHP/Library/Think/Db/Driver/Sqlite.class.php 第 47 行.
NOTIC: [8] Undefined index: extra /Applications/MAMP/htdocs/HSWS_FRAME/ThinkPHP/Library/Think/Db/Driver/Sqlite.class.php 第 48 行.
NOTIC: [8] Undefined index: field /Applications/MAMP/htdocs/HSWS_FRAME/ThinkPHP/Library/Think/Db/Driver/Sqlite.class.php 第 42 行.
NOTIC: [8] Undefined index: field /Applications/MAMP/htdocs/HSWS_FRAME/ThinkPHP/Library/Think/Db/Driver/Sqlite.class.php 第 43 行.
NOTIC: [8] Undefined index: null /Applications/MAMP/htdocs/HSWS_FRAME/ThinkPHP/Library/Think/Db/Driver/Sqlite.class.php 第 45 行.
NOTIC: [8] Undefined index: default /Applications/MAMP/htdocs/HSWS_FRAME/ThinkPHP/Library/Think/Db/Driver/Sqlite.class.php 第 46 行.
NOTIC: [8] Undefined index: dey /Applications/MAMP/htdocs/HSWS_FRAME/ThinkPHP/Library/Think/Db/Driver/Sqlite.class.php 第 47 行.
NOTIC: [8] Undefined index: extra /Applications/MAMP/htdocs/HSWS_FRAME/ThinkPHP/Library/Think/Db/Driver/Sqlite.class.php 第 48 行.
NOTIC: [8] Undefined index: field /Applications/MAMP/htdocs/HSWS_FRAME/ThinkPHP/Library/Think/Db/Driver/Sqlite.class.php 第 42 行.
NOTIC: [8] Undefined index: field /Applications/MAMP/htdocs/HSWS_FRAME/ThinkPHP/Library/Think/Db/Driver/Sqlite.class.php 第 43 行.
NOTIC: [8] Undefined index: null /Applications/MAMP/htdocs/HSWS_FRAME/ThinkPHP/Library/Think/Db/Driver/Sqlite.class.php 第 45 行.
NOTIC: [8] Undefined index: default /Applications/MAMP/htdocs/HSWS_FRAME/ThinkPHP/Library/Think/Db/Driver/Sqlite.class.php 第 46 行.
NOTIC: [8] Undefined index: dey /Applications/MAMP/htdocs/HSWS_FRAME/ThinkPHP/Library/Think/Db/Driver/Sqlite.class.php 第 47 行.
NOTIC: [8] Undefined index: extra /Applications/MAMP/htdocs/HSWS_FRAME/ThinkPHP/Library/Think/Db/Driver/Sqlite.class.php 第 48 行.
NOTIC: [8] Undefined index: field /Applications/MAMP/htdocs/HSWS_FRAME/ThinkPHP/Library/Think/Db/Driver/Sqlite.class.php 第 42 行.
NOTIC: [8] Undefined index: field /Applications/MAMP/htdocs/HSWS_FRAME/ThinkPHP/Library/Think/Db/Driver/Sqlite.class.php 第 43 行.
NOTIC: [8] Undefined index: null /Applications/MAMP/htdocs/HSWS_FRAME/ThinkPHP/Library/Think/Db/Driver/Sqlite.class.php 第 45 行.
NOTIC: [8] Undefined index: default /Applications/MAMP/htdocs/HSWS_FRAME/ThinkPHP/Library/Think/Db/Driver/Sqlite.class.php 第 46 行.
NOTIC: [8] Undefined index: dey /Applications/MAMP/htdocs/HSWS_FRAME/ThinkPHP/Library/Think/Db/Driver/Sqlite.class.php 第 47 行.
NOTIC: [8] Undefined index: extra /Applications/MAMP/htdocs/HSWS_FRAME/ThinkPHP/Library/Think/Db/Driver/Sqlite.class.php 第 48 行.
NOTIC: [8] Undefined index: validate /Applications/MAMP/htdocs/HSWS_FRAME/ThinkPHP/Library/Think/Model.class.php 第 1185 行.
NOTIC: [8] Undefined index: auto /Applications/MAMP/htdocs/HSWS_FRAME/ThinkPHP/Library/Think/Model.class.php 第 1128 行.
NOTIC: [2] md5() expects at least 1 parameter, 0 given /Applications/MAMP/htdocs/HSWS_FRAME/ThinkPHP/Library/Think/Model.class.php 第 1154 行.
NOTIC: [8] Undefined index: userId /Applications/MAMP/htdocs/HSWS_FRAME/Application/Home/Controller/LoginController.class.php 第 40 行.
SQL: SELECT userId,password FROM user LIMIT 1   [ RunTime:0.0003s ]
INFO: [ view_parse ] --START--
INFO: [ template_filter ] --START--
INFO: Run Behavior\ContentReplaceBehavior [ RunTime:0.000354s ]
INFO: [ template_filter ] --END-- [ RunTime:0.000670s ]
INFO: Run Behavior\ParseTemplateBehavior [ RunTime:0.309384s ]
INFO: [ view_parse ] --END-- [ RunTime:0.309514s ]
INFO: [ view_filter ] --START--
INFO: Run Behavior\WriteHtmlCacheBehavior [ RunTime:0.069946s ]
INFO: [ view_filter ] --END-- [ RunTime:0.070078s ]
NOTIC: [2] Cannot modify header information - headers already sent by (output started at /Applications/MAMP/htdocs/HSWS_FRAME/Application/Home/Controller/LoginController.class.php:29) /Applications/MAMP/htdocs/HSWS_FRAME/ThinkPHP/Library/Think/View.class.php 第 91 行.
NOTIC: [2] Cannot modify header information - headers already sent by (output started at /Applications/MAMP/htdocs/HSWS_FRAME/Application/Home/Controller/LoginController.class.php:29) /Applications/MAMP/htdocs/HSWS_FRAME/ThinkPHP/Library/Think/View.class.php 第 92 行.
NOTIC: [2] Cannot modify header information - headers already sent by (output started at /Applications/MAMP/htdocs/HSWS_FRAME/Application/Home/Controller/LoginController.class.php:29) /Applications/MAMP/htdocs/HSWS_FRAME/ThinkPHP/Library/Think/View.class.php 第 93 行.

[ 2015-12-02T10:59:05+08:00 ] ::1 /HSWS_FRAME/index.php?c=login&a=login
INFO: [ app_init ] --START--
INFO: Run Behavior\BuildLiteBehavior [ RunTime:0.000065s ]
INFO: [ app_init ] --END-- [ RunTime:0.646201s ]
INFO: [ app_begin ] --START--
INFO: Run Behavior\ReadHtmlCacheBehavior [ RunTime:0.063353s ]
INFO: [ app_begin ] --END-- [ RunTime:0.063754s ]
INFO: [ view_parse ] --START--
INFO: [ template_filter ] --START--
INFO: Run Behavior\ContentReplaceBehavior [ RunTime:0.052854s ]
INFO: [ template_filter ] --END-- [ RunTime:0.053106s ]
INFO: Run Behavior\ParseTemplateBehavior [ RunTime:0.470823s ]
INFO: [ view_parse ] --END-- [ RunTime:0.470980s ]
INFO: [ view_filter ] --START--
INFO: Run Behavior\WriteHtmlCacheBehavior [ RunTime:0.086637s ]
INFO: [ view_filter ] --END-- [ RunTime:0.086767s ]
INFO: [ app_end ] --START--
INFO: Run Behavior\ShowPageTraceBehavior [ RunTime:0.002723s ]
INFO: [ app_end ] --END-- [ RunTime:0.002825s ]

[ 2015-12-02T10:59:16+08:00 ] ::1 /HSWS_FRAME/index.php?c=login&a=login
INFO: [ app_init ] --START--
INFO: Run Behavior\BuildLiteBehavior [ RunTime:0.000035s ]
INFO: [ app_init ] --END-- [ RunTime:0.000936s ]
INFO: [ app_begin ] --START--
INFO: Run Behavior\ReadHtmlCacheBehavior [ RunTime:0.001189s ]
INFO: [ app_begin ] --END-- [ RunTime:0.001334s ]
INFO: [ view_parse ] --START--
INFO: [ template_filter ] --START--
INFO: Run Behavior\ContentReplaceBehavior [ RunTime:0.000116s ]
INFO: [ template_filter ] --END-- [ RunTime:0.000228s ]
INFO: Run Behavior\ParseTemplateBehavior [ RunTime:0.060565s ]
INFO: [ view_parse ] --END-- [ RunTime:0.060667s ]
INFO: [ view_filter ] --START--
INFO: Run Behavior\WriteHtmlCacheBehavior [ RunTime:0.000503s ]
INFO: [ view_filter ] --END-- [ RunTime:0.000601s ]
INFO: [ app_end ] --START--
INFO: Run Behavior\ShowPageTraceBehavior [ RunTime:0.001037s ]
INFO: [ app_end ] --END-- [ RunTime:0.001134s ]

[ 2015-12-02T10:59:30+08:00 ] ::1 /HSWS_FRAME/index.php?c=main
INFO: [ app_init ] --START--
INFO: Run Behavior\BuildLiteBehavior [ RunTime:0.000053s ]
INFO: [ app_init ] --END-- [ RunTime:0.021132s ]
INFO: [ app_begin ] --START--
INFO: Run Behavior\ReadHtmlCacheBehavior [ RunTime:0.001262s ]
INFO: [ app_begin ] --END-- [ RunTime:0.001407s ]
INFO: [ view_parse ] --START--
INFO: [ template_filter ] --START--
INFO: Run Behavior\ContentReplaceBehavior [ RunTime:0.000131s ]
INFO: [ template_filter ] --END-- [ RunTime:0.000259s ]
INFO: Run Behavior\ParseTemplateBehavior [ RunTime:0.057545s ]
INFO: [ view_parse ] --END-- [ RunTime:0.057647s ]
INFO: [ view_filter ] --START--
INFO: Run Behavior\WriteHtmlCacheBehavior [ RunTime:0.000493s ]
INFO: [ view_filter ] --END-- [ RunTime:0.000575s ]
INFO: [ app_end ] --START--
INFO: Run Behavior\ShowPageTraceBehavior [ RunTime:0.001018s ]
INFO: [ app_end ] --END-- [ RunTime:0.001107s ]

[ 2015-12-02T11:36:19+08:00 ] ::1 /HSWS_FRAME/index.php?c=login&a=login
INFO: [ app_init ] --START--
INFO: Run Behavior\BuildLiteBehavior [ RunTime:0.000040s ]
INFO: [ app_init ] --END-- [ RunTime:0.000962s ]
INFO: [ app_begin ] --START--
INFO: Run Behavior\ReadHtmlCacheBehavior [ RunTime:0.001181s ]
INFO: [ app_begin ] --END-- [ RunTime:0.001317s ]
INFO: [ view_parse ] --START--
INFO: [ template_filter ] --START--
INFO: Run Behavior\ContentReplaceBehavior [ RunTime:0.000119s ]
INFO: [ template_filter ] --END-- [ RunTime:0.000232s ]
INFO: Run Behavior\ParseTemplateBehavior [ RunTime:0.138973s ]
INFO: [ view_parse ] --END-- [ RunTime:0.139120s ]
INFO: [ view_filter ] --START--
INFO: Run Behavior\WriteHtmlCacheBehavior [ RunTime:0.028737s ]
INFO: [ view_filter ] --END-- [ RunTime:0.028881s ]
INFO: [ app_end ] --START--
INFO: Run Behavior\ShowPageTraceBehavior [ RunTime:0.011271s ]
INFO: [ app_end ] --END-- [ RunTime:0.011412s ]

[ 2015-12-02T11:37:51+08:00 ] ::1 /HSWS_FRAME/index.php?c=main
INFO: [ app_init ] --START--
INFO: Run Behavior\BuildLiteBehavior [ RunTime:0.000028s ]
INFO: [ app_init ] --END-- [ RunTime:0.000938s ]
INFO: [ app_begin ] --START--
INFO: Run Behavior\ReadHtmlCacheBehavior [ RunTime:0.001406s ]
INFO: [ app_begin ] --END-- [ RunTime:0.001592s ]
INFO: [ view_parse ] --START--
INFO: [ template_filter ] --START--
INFO: Run Behavior\ContentReplaceBehavior [ RunTime:0.000091s ]
INFO: [ template_filter ] --END-- [ RunTime:0.000223s ]
INFO: Run Behavior\ParseTemplateBehavior [ RunTime:0.071130s ]
INFO: [ view_parse ] --END-- [ RunTime:0.071313s ]
INFO: [ view_filter ] --START--
INFO: Run Behavior\WriteHtmlCacheBehavior [ RunTime:0.000863s ]
INFO: [ view_filter ] --END-- [ RunTime:0.001004s ]
INFO: [ app_end ] --START--
INFO: Run Behavior\ShowPageTraceBehavior [ RunTime:0.001282s ]
INFO: [ app_end ] --END-- [ RunTime:0.001389s ]

[ 2015-12-02T11:37:58+08:00 ] ::1 /HSWS_FRAME/index.php?c=main
INFO: [ app_init ] --START--
INFO: Run Behavior\BuildLiteBehavior [ RunTime:0.000017s ]
INFO: [ app_init ] --END-- [ RunTime:0.000492s ]
INFO: [ app_begin ] --START--
INFO: Run Behavior\ReadHtmlCacheBehavior [ RunTime:0.000745s ]
INFO: [ app_begin ] --END-- [ RunTime:0.000843s ]
INFO: [ view_parse ] --START--
INFO: [ template_filter ] --START--
INFO: Run Behavior\ContentReplaceBehavior [ RunTime:0.000108s ]
INFO: [ template_filter ] --END-- [ RunTime:0.000217s ]
INFO: Run Behavior\ParseTemplateBehavior [ RunTime:0.008971s ]
INFO: [ view_parse ] --END-- [ RunTime:0.009065s ]
INFO: [ view_filter ] --START--
INFO: Run Behavior\WriteHtmlCacheBehavior [ RunTime:0.000220s ]
INFO: [ view_filter ] --END-- [ RunTime:0.000292s ]
INFO: [ app_end ] --START--
INFO: Run Behavior\ShowPageTraceBehavior [ RunTime:0.000717s ]
INFO: [ app_end ] --END-- [ RunTime:0.000791s ]

[ 2015-12-02T11:53:01+08:00 ] ::1 /HSWS_FRAME/index.php?c=main
INFO: [ app_init ] --START--
INFO: Run Behavior\BuildLiteBehavior [ RunTime:0.000070s ]
INFO: [ app_init ] --END-- [ RunTime:0.001421s ]
INFO: [ app_begin ] --START--
INFO: Run Behavior\ReadHtmlCacheBehavior [ RunTime:0.004984s ]
INFO: [ app_begin ] --END-- [ RunTime:0.005163s ]
INFO: [ view_parse ] --START--
INFO: [ template_filter ] --START--
INFO: Run Behavior\ContentReplaceBehavior [ RunTime:0.000109s ]
INFO: [ template_filter ] --END-- [ RunTime:0.000233s ]
INFO: Run Behavior\ParseTemplateBehavior [ RunTime:0.300150s ]
INFO: [ view_parse ] --END-- [ RunTime:0.300316s ]
INFO: [ view_filter ] --START--
INFO: Run Behavior\WriteHtmlCacheBehavior [ RunTime:0.063031s ]
INFO: [ view_filter ] --END-- [ RunTime:0.063244s ]
INFO: [ app_end ] --START--
INFO: Run Behavior\ShowPageTraceBehavior [ RunTime:0.001137s ]
INFO: [ app_end ] --END-- [ RunTime:0.001242s ]

[ 2015-12-02T11:57:46+08:00 ] ::1 /HSWS_FRAME/index.php?c=main
INFO: [ app_init ] --START--
INFO: Run Behavior\BuildLiteBehavior [ RunTime:0.000036s ]
INFO: [ app_init ] --END-- [ RunTime:0.000991s ]
INFO: [ app_begin ] --START--
INFO: Run Behavior\ReadHtmlCacheBehavior [ RunTime:0.001128s ]
INFO: [ app_begin ] --END-- [ RunTime:0.001257s ]
INFO: [ view_parse ] --START--
INFO: [ template_filter ] --START--
INFO: Run Behavior\ContentReplaceBehavior [ RunTime:0.000134s ]
INFO: [ template_filter ] --END-- [ RunTime:0.000246s ]
INFO: Run Behavior\ParseTemplateBehavior [ RunTime:0.012118s ]
INFO: [ view_parse ] --END-- [ RunTime:0.012224s ]
INFO: [ view_filter ] --START--
INFO: Run Behavior\WriteHtmlCacheBehavior [ RunTime:0.000746s ]
INFO: [ view_filter ] --END-- [ RunTime:0.000826s ]
INFO: [ app_end ] --START--
INFO: Run Behavior\ShowPageTraceBehavior [ RunTime:0.001007s ]
INFO: [ app_end ] --END-- [ RunTime:0.001104s ]

[ 2015-12-02T11:59:40+08:00 ] ::1 /HSWS_FRAME/index.php?c=main
INFO: [ app_init ] --START--
INFO: Run Behavior\BuildLiteBehavior [ RunTime:0.000039s ]
INFO: [ app_init ] --END-- [ RunTime:0.000894s ]
INFO: [ app_begin ] --START--
INFO: Run Behavior\ReadHtmlCacheBehavior [ RunTime:0.001248s ]
INFO: [ app_begin ] --END-- [ RunTime:0.001489s ]
INFO: [ view_parse ] --START--
INFO: [ template_filter ] --START--
INFO: Run Behavior\ContentReplaceBehavior [ RunTime:0.000123s ]
INFO: [ template_filter ] --END-- [ RunTime:0.000232s ]
INFO: Run Behavior\ParseTemplateBehavior [ RunTime:0.054546s ]
INFO: [ view_parse ] --END-- [ RunTime:0.054640s ]
INFO: [ view_filter ] --START--
INFO: Run Behavior\WriteHtmlCacheBehavior [ RunTime:0.000727s ]
INFO: [ view_filter ] --END-- [ RunTime:0.000798s ]
INFO: [ app_end ] --START--
INFO: Run Behavior\ShowPageTraceBehavior [ RunTime:0.000934s ]
INFO: [ app_end ] --END-- [ RunTime:0.001014s ]

[ 2015-12-02T12:00:03+08:00 ] ::1 /HSWS_FRAME/index.php?c=main
INFO: [ app_init ] --START--
INFO: Run Behavior\BuildLiteBehavior [ RunTime:0.000028s ]
INFO: [ app_init ] --END-- [ RunTime:0.000869s ]
INFO: [ app_begin ] --START--
INFO: Run Behavior\ReadHtmlCacheBehavior [ RunTime:0.001123s ]
INFO: [ app_begin ] --END-- [ RunTime:0.001259s ]
INFO: [ view_parse ] --START--
INFO: [ template_filter ] --START--
INFO: Run Behavior\ContentReplaceBehavior [ RunTime:0.000129s ]
INFO: [ template_filter ] --END-- [ RunTime:0.000276s ]
INFO: Run Behavior\ParseTemplateBehavior [ RunTime:0.012120s ]
INFO: [ view_parse ] --END-- [ RunTime:0.012224s ]
INFO: [ view_filter ] --START--
INFO: Run Behavior\WriteHtmlCacheBehavior [ RunTime:0.000922s ]
INFO: [ view_filter ] --END-- [ RunTime:0.001063s ]
INFO: [ app_end ] --START--
INFO: Run Behavior\ShowPageTraceBehavior [ RunTime:0.001049s ]
INFO: [ app_end ] --END-- [ RunTime:0.001296s ]

